Sun, 09 Jun 2024 10:32:20 +0000 [WARNING] request="923f605c07df3" component="TYPO3.CMS.Core.Type.File.ImageInfo": I could not retrieve the image size for file /var/customers/webs/wi1cm/team10/typo3temp/var/transient/preview_6875721704641257830.png - {"file":"/var/customers/webs/wi1cm/team10/typo3temp/var/transient/preview_6875721704641257830.png"}
Sun, 09 Jun 2024 12:22:25 +0000 [WARNING] request="a8eae9bfe4b47" component="TYPO3.CMS.Core.Type.File.ImageInfo": I could not retrieve the image size for file /var/customers/webs/wi1cm/team10/typo3temp/var/transient/preview_4388192779828599877.jpg - {"file":"/var/customers/webs/wi1cm/team10/typo3temp/var/transient/preview_4388192779828599877.jpg"}
Sun, 09 Jun 2024 12:26:59 +0000 [WARNING] request="0ce319152746a" component="TYPO3.CMS.Core.Type.File.ImageInfo": I could not retrieve the image size for file /var/customers/webs/wi1cm/team10/typo3temp/var/transient/preview_6234218709497214185.png - {"file":"/var/customers/webs/wi1cm/team10/typo3temp/var/transient/preview_6234218709497214185.png"}
Tue, 11 Jun 2024 08:40:27 +0000 [WARNING] request="db2c9962acef0" component="TYPO3.CMS.Core.Type.File.ImageInfo": I could not retrieve the image size for file /var/customers/webs/wi1cm/team10/typo3temp/var/transient/preview_4228029521841712273.png - {"file":"/var/customers/webs/wi1cm/team10/typo3temp/var/transient/preview_4228029521841712273.png"}
Tue, 11 Jun 2024 08:40:27 +0000 [WARNING] request="23e36515bfcf5" component="TYPO3.CMS.Core.Type.File.ImageInfo": I could not retrieve the image size for file /var/customers/webs/wi1cm/team10/typo3temp/var/transient/preview_4344366478346617771.png - {"file":"/var/customers/webs/wi1cm/team10/typo3temp/var/transient/preview_4344366478346617771.png"}
Tue, 11 Jun 2024 09:37:33 +0000 [WARNING] request="d9a50bb93fa92" component="TYPO3.CMS.Core.Type.File.ImageInfo": I could not retrieve the image size for file /var/customers/webs/wi1cm/team10/typo3temp/var/transient/preview_5938763062629115037.png - {"file":"/var/customers/webs/wi1cm/team10/typo3temp/var/transient/preview_5938763062629115037.png"}
Tue, 11 Jun 2024 09:54:47 +0000 [WARNING] request="3f180ea441c75" component="TYPO3.CMS.Core.Type.File.ImageInfo": I could not retrieve the image size for file /var/customers/webs/wi1cm/team10/typo3temp/var/transient/preview_3302109837009683750.jpg - {"file":"/var/customers/webs/wi1cm/team10/typo3temp/var/transient/preview_3302109837009683750.jpg"}
Thu, 13 Jun 2024 12:00:26 +0000 [ERROR] request="8451a26addab6" component="TYPO3.CMS.Core.Localization.Locales": Locale "da_DK.UTF-8" and  "da_DK" not found. 
Thu, 13 Jun 2024 12:00:26 +0000 [ERROR] request="8012f39e4a6de" component="TYPO3.CMS.Core.Localization.Locales": Locale "de_DE.UTF-8" and  "de_DE" not found. 
Thu, 13 Jun 2024 12:00:26 +0000 [ERROR] request="b16cbf2158af0" component="TYPO3.CMS.Core.Localization.Locales": Locale "da_DK.UTF-8" and  "da_DK" not found. 
Thu, 13 Jun 2024 12:00:26 +0000 [ERROR] request="487279560d4b6" component="TYPO3.CMS.Core.Localization.Locales": Locale "da_DK.UTF-8" and  "da_DK" not found. 
Thu, 13 Jun 2024 12:00:26 +0000 [ERROR] request="4fb2f0801c482" component="TYPO3.CMS.Core.Localization.Locales": Locale "da_DK.UTF-8" and  "da_DK" not found. 
Thu, 13 Jun 2024 12:00:26 +0000 [ERROR] request="4275fa6af0ed6" component="TYPO3.CMS.Core.Localization.Locales": Locale "da_DK.UTF-8" and  "da_DK" not found. 
Thu, 13 Jun 2024 12:00:26 +0000 [ERROR] request="9615bdd2f3679" component="TYPO3.CMS.Core.Localization.Locales": Locale "de_DE.UTF-8" and  "de_DE" not found. 
Thu, 13 Jun 2024 12:00:27 +0000 [ERROR] request="78819435e6676" component="TYPO3.CMS.Core.Localization.Locales": Locale "de_DE.UTF-8" and  "de_DE" not found. 
Thu, 13 Jun 2024 12:00:27 +0000 [ERROR] request="842a7da0a8d12" component="TYPO3.CMS.Core.Localization.Locales": Locale "de_DE.UTF-8" and  "de_DE" not found. 
Thu, 13 Jun 2024 12:00:27 +0000 [ERROR] request="9e2e868c54e5b" component="TYPO3.CMS.Core.Localization.Locales": Locale "de_DE.UTF-8" and  "de_DE" not found. 
Thu, 13 Jun 2024 12:00:27 +0000 [ERROR] request="0aa793727f925" component="TYPO3.CMS.Core.Localization.Locales": Locale "de_DE.UTF-8" and  "de_DE" not found. 
Thu, 13 Jun 2024 12:00:27 +0000 [ERROR] request="c512135a283e8" component="TYPO3.CMS.Core.Localization.Locales": Locale "de_DE.UTF-8" and  "de_DE" not found. 
Thu, 13 Jun 2024 12:00:27 +0000 [ERROR] request="c5b3043ef13e0" component="TYPO3.CMS.Core.Localization.Locales": Locale "de_DE.UTF-8" and  "de_DE" not found. 
Thu, 13 Jun 2024 12:00:27 +0000 [ERROR] request="4e0647e2a838e" component="TYPO3.CMS.Core.Localization.Locales": Locale "de_DE.UTF-8" and  "de_DE" not found. 
Thu, 13 Jun 2024 12:00:27 +0000 [ERROR] request="b98abcde3eb34" component="TYPO3.CMS.Core.Localization.Locales": Locale "de_DE.UTF-8" and  "de_DE" not found. 
Thu, 13 Jun 2024 12:00:27 +0000 [ERROR] request="ae462f75d72cb" component="TYPO3.CMS.Core.Localization.Locales": Locale "de_DE.UTF-8" and  "de_DE" not found. 
Thu, 13 Jun 2024 12:00:27 +0000 [ERROR] request="9dc9a12468be2" component="TYPO3.CMS.Core.Localization.Locales": Locale "de_DE.UTF-8" and  "de_DE" not found. 
Thu, 13 Jun 2024 12:00:27 +0000 [ERROR] request="bf35c3e61b3be" component="TYPO3.CMS.Core.Localization.Locales": Locale "de_DE.UTF-8" and  "de_DE" not found. 
Thu, 13 Jun 2024 12:00:27 +0000 [ERROR] request="0f987d1ab551f" component="TYPO3.CMS.Core.Localization.Locales": Locale "de_DE.UTF-8" and  "de_DE" not found. 
Thu, 13 Jun 2024 12:00:27 +0000 [ERROR] request="1ac488221d691" component="TYPO3.CMS.Core.Localization.Locales": Locale "da_DK.UTF-8" and  "da_DK" not found. 
Thu, 13 Jun 2024 12:00:27 +0000 [ERROR] request="c6ea22fe06fd8" component="TYPO3.CMS.Core.Localization.Locales": Locale "da_DK.UTF-8" and  "da_DK" not found. 
Thu, 13 Jun 2024 12:00:27 +0000 [ERROR] request="a1549e09ff0ff" component="TYPO3.CMS.Core.Localization.Locales": Locale "da_DK.UTF-8" and  "da_DK" not found. 
Thu, 13 Jun 2024 12:00:27 +0000 [ERROR] request="2a59561e8f32d" component="TYPO3.CMS.Core.Localization.Locales": Locale "de_DE.UTF-8" and  "de_DE" not found. 
Thu, 13 Jun 2024 12:00:28 +0000 [ERROR] request="27ceacaea830d" component="TYPO3.CMS.Core.Localization.Locales": Locale "de_DE.UTF-8" and  "de_DE" not found. 
Thu, 13 Jun 2024 12:00:28 +0000 [ERROR] request="7f8aca2fd7315" component="TYPO3.CMS.Core.Localization.Locales": Locale "de_DE.UTF-8" and  "de_DE" not found. 
Thu, 13 Jun 2024 12:00:28 +0000 [ERROR] request="85b52f2fa2684" component="TYPO3.CMS.Core.Localization.Locales": Locale "de_DE.UTF-8" and  "de_DE" not found. 
Thu, 13 Jun 2024 12:00:29 +0000 [ERROR] request="ce4e1c78bd0ee" component="TYPO3.CMS.Core.Localization.Locales": Locale "de_DE.UTF-8" and  "de_DE" not found. 
Thu, 13 Jun 2024 12:00:29 +0000 [ERROR] request="b1ea41e76b3c0" component="TYPO3.CMS.Core.Localization.Locales": Locale "de_DE.UTF-8" and  "de_DE" not found. 
Thu, 13 Jun 2024 12:00:29 +0000 [ERROR] request="fbe3e16c8caae" component="TYPO3.CMS.Core.Localization.Locales": Locale "de_DE.UTF-8" and  "de_DE" not found. 
Thu, 13 Jun 2024 12:00:30 +0000 [ERROR] request="13e3696544bd6" component="TYPO3.CMS.Core.Localization.Locales": Locale "de_DE.UTF-8" and  "de_DE" not found. 
Thu, 13 Jun 2024 12:00:30 +0000 [ERROR] request="ee8f7ab3b6ed6" component="TYPO3.CMS.Core.Localization.Locales": Locale "de_DE.UTF-8" and  "de_DE" not found. 
Thu, 13 Jun 2024 12:00:30 +0000 [ERROR] request="cb08b96856f7e" component="TYPO3.CMS.Core.Localization.Locales": Locale "de_DE.UTF-8" and  "de_DE" not found. 
Thu, 13 Jun 2024 12:00:31 +0000 [ERROR] request="6f0422794f62e" component="TYPO3.CMS.Core.Localization.Locales": Locale "de_DE.UTF-8" and  "de_DE" not found. 
Thu, 13 Jun 2024 12:00:31 +0000 [ERROR] request="aa88709f2a490" component="TYPO3.CMS.Core.Localization.Locales": Locale "de_DE.UTF-8" and  "de_DE" not found. 
Thu, 13 Jun 2024 12:00:31 +0000 [ERROR] request="629f4587d9527" component="TYPO3.CMS.Core.Localization.Locales": Locale "de_DE.UTF-8" and  "de_DE" not found. 
Thu, 13 Jun 2024 12:00:31 +0000 [ERROR] request="4aa78a1382aea" component="TYPO3.CMS.Core.Localization.Locales": Locale "de_DE.UTF-8" and  "de_DE" not found. 
Thu, 13 Jun 2024 12:00:31 +0000 [ERROR] request="d3420277a29f4" component="TYPO3.CMS.Core.Localization.Locales": Locale "de_DE.UTF-8" and  "de_DE" not found. 
Thu, 13 Jun 2024 12:00:31 +0000 [ERROR] request="3d53af91af81e" component="TYPO3.CMS.Core.Localization.Locales": Locale "de_DE.UTF-8" and  "de_DE" not found. 
Thu, 13 Jun 2024 12:00:31 +0000 [ERROR] request="6fc2550ba6619" component="TYPO3.CMS.Core.Localization.Locales": Locale "de_DE.UTF-8" and  "de_DE" not found. 
Thu, 13 Jun 2024 12:00:31 +0000 [ERROR] request="3280bee50bc78" component="TYPO3.CMS.Core.Localization.Locales": Locale "de_DE.UTF-8" and  "de_DE" not found. 
Thu, 13 Jun 2024 12:00:32 +0000 [ERROR] request="dbc8266eab242" component="TYPO3.CMS.Core.Localization.Locales": Locale "de_DE.UTF-8" and  "de_DE" not found. 
Thu, 13 Jun 2024 12:00:32 +0000 [ERROR] request="27d7b0dd6c79a" component="TYPO3.CMS.Core.Localization.Locales": Locale "de_DE.UTF-8" and  "de_DE" not found. 
Thu, 13 Jun 2024 12:00:32 +0000 [ERROR] request="3c05fe0e179bc" component="TYPO3.CMS.Core.Localization.Locales": Locale "de_DE.UTF-8" and  "de_DE" not found. 
Thu, 13 Jun 2024 12:00:33 +0000 [ERROR] request="540547b6d92aa" component="TYPO3.CMS.Core.Localization.Locales": Locale "de_DE.UTF-8" and  "de_DE" not found. 
Thu, 13 Jun 2024 12:00:33 +0000 [ERROR] request="6b51e11a8ff35" component="TYPO3.CMS.Core.Localization.Locales": Locale "de_DE.UTF-8" and  "de_DE" not found. 
Thu, 13 Jun 2024 12:00:33 +0000 [ERROR] request="a9391e842648b" component="TYPO3.CMS.Core.Localization.Locales": Locale "de_DE.UTF-8" and  "de_DE" not found. 
Thu, 13 Jun 2024 12:00:33 +0000 [ERROR] request="4d8d71220bd67" component="TYPO3.CMS.Core.Localization.Locales": Locale "de_DE.UTF-8" and  "de_DE" not found. 
Thu, 13 Jun 2024 12:00:34 +0000 [ERROR] request="64931e51de8ba" component="TYPO3.CMS.Core.Localization.Locales": Locale "de_DE.UTF-8" and  "de_DE" not found. 
Thu, 13 Jun 2024 12:00:35 +0000 [ERROR] request="e3890c8b3b56e" component="TYPO3.CMS.Core.Localization.Locales": Locale "de_DE.UTF-8" and  "de_DE" not found. 
Thu, 13 Jun 2024 12:00:35 +0000 [ERROR] request="ade71147c065f" component="TYPO3.CMS.Core.Localization.Locales": Locale "de_DE.UTF-8" and  "de_DE" not found. 
Thu, 13 Jun 2024 12:00:35 +0000 [ERROR] request="761792e53a3ee" component="TYPO3.CMS.Core.Localization.Locales": Locale "de_DE.UTF-8" and  "de_DE" not found. 
Thu, 13 Jun 2024 12:00:35 +0000 [ERROR] request="29fe0a16cd2d5" component="TYPO3.CMS.Core.Localization.Locales": Locale "de_DE.UTF-8" and  "de_DE" not found. 
Thu, 13 Jun 2024 12:00:35 +0000 [ERROR] request="6060008f9061a" component="TYPO3.CMS.Core.Localization.Locales": Locale "de_DE.UTF-8" and  "de_DE" not found. 
Thu, 13 Jun 2024 12:00:35 +0000 [ERROR] request="e1946f562e5b0" component="TYPO3.CMS.Core.Localization.Locales": Locale "de_DE.UTF-8" and  "de_DE" not found. 
Thu, 13 Jun 2024 12:00:36 +0000 [ERROR] request="5873aa5758235" component="TYPO3.CMS.Core.Localization.Locales": Locale "de_DE.UTF-8" and  "de_DE" not found. 
Thu, 13 Jun 2024 12:00:36 +0000 [ERROR] request="78bb732748621" component="TYPO3.CMS.Core.Localization.Locales": Locale "de_DE.UTF-8" and  "de_DE" not found. 
Thu, 13 Jun 2024 12:00:36 +0000 [ERROR] request="5824cb27fdf70" component="TYPO3.CMS.Core.Localization.Locales": Locale "de_DE.UTF-8" and  "de_DE" not found. 
Thu, 13 Jun 2024 12:00:36 +0000 [ERROR] request="059a8abe9e04f" component="TYPO3.CMS.Core.Localization.Locales": Locale "de_DE.UTF-8" and  "de_DE" not found. 
Thu, 13 Jun 2024 12:00:36 +0000 [ERROR] request="ed1b043c0abb1" component="TYPO3.CMS.Core.Localization.Locales": Locale "de_DE.UTF-8" and  "de_DE" not found. 
Thu, 13 Jun 2024 12:00:36 +0000 [ERROR] request="dd604ec9c27ee" component="TYPO3.CMS.Core.Localization.Locales": Locale "de_DE.UTF-8" and  "de_DE" not found. 
Thu, 13 Jun 2024 12:00:37 +0000 [ERROR] request="b5121087a664e" component="TYPO3.CMS.Core.Localization.Locales": Locale "de_DE.UTF-8" and  "de_DE" not found. 
Thu, 13 Jun 2024 12:00:37 +0000 [ERROR] request="ea74197c79f61" component="TYPO3.CMS.Core.Localization.Locales": Locale "de_DE.UTF-8" and  "de_DE" not found. 
Thu, 13 Jun 2024 12:00:37 +0000 [ERROR] request="ff24eae7a18ad" component="TYPO3.CMS.Core.Localization.Locales": Locale "de_DE.UTF-8" and  "de_DE" not found. 
Thu, 13 Jun 2024 12:00:37 +0000 [ERROR] request="cfd6e570e37ab" component="TYPO3.CMS.Core.Localization.Locales": Locale "de_DE.UTF-8" and  "de_DE" not found. 
Thu, 13 Jun 2024 12:00:37 +0000 [ERROR] request="e56dd0722aceb" component="TYPO3.CMS.Core.Localization.Locales": Locale "de_DE.UTF-8" and  "de_DE" not found. 
Thu, 13 Jun 2024 12:00:37 +0000 [ERROR] request="25256c6146a03" component="TYPO3.CMS.Core.Localization.Locales": Locale "de_DE.UTF-8" and  "de_DE" not found. 
Thu, 13 Jun 2024 12:00:38 +0000 [ERROR] request="fd0cf56280743" component="TYPO3.CMS.Core.Localization.Locales": Locale "de_DE.UTF-8" and  "de_DE" not found. 
Thu, 13 Jun 2024 12:00:38 +0000 [ERROR] request="dfdf957410434" component="TYPO3.CMS.Core.Localization.Locales": Locale "de_DE.UTF-8" and  "de_DE" not found. 
Thu, 13 Jun 2024 12:00:38 +0000 [ERROR] request="ba569dac59190" component="TYPO3.CMS.Core.Localization.Locales": Locale "de_DE.UTF-8" and  "de_DE" not found. 
Thu, 13 Jun 2024 12:00:39 +0000 [ERROR] request="3149272bbfc08" component="TYPO3.CMS.Core.Localization.Locales": Locale "de_DE.UTF-8" and  "de_DE" not found. 
Thu, 13 Jun 2024 12:00:39 +0000 [ERROR] request="89763329c6d39" component="TYPO3.CMS.Core.Localization.Locales": Locale "de_DE.UTF-8" and  "de_DE" not found. 
Thu, 13 Jun 2024 12:00:40 +0000 [ERROR] request="4a15f615c77bb" component="TYPO3.CMS.Core.Localization.Locales": Locale "de_DE.UTF-8" and  "de_DE" not found. 
Thu, 13 Jun 2024 12:00:40 +0000 [ERROR] request="13920bb1f5d06" component="TYPO3.CMS.Core.Localization.Locales": Locale "de_DE.UTF-8" and  "de_DE" not found. 
Thu, 13 Jun 2024 12:00:41 +0000 [ERROR] request="65cc953ba0abb" component="TYPO3.CMS.Core.Localization.Locales": Locale "de_DE.UTF-8" and  "de_DE" not found. 
Thu, 13 Jun 2024 12:00:41 +0000 [ERROR] request="5d5b42fc9001e" component="TYPO3.CMS.Core.Localization.Locales": Locale "de_DE.UTF-8" and  "de_DE" not found. 
Thu, 13 Jun 2024 12:00:42 +0000 [ERROR] request="04d2e3ba596e1" component="TYPO3.CMS.Core.Localization.Locales": Locale "de_DE.UTF-8" and  "de_DE" not found. 
Thu, 13 Jun 2024 12:00:42 +0000 [ERROR] request="03ea68f46c3cf" component="TYPO3.CMS.Core.Localization.Locales": Locale "de_DE.UTF-8" and  "de_DE" not found. 
Thu, 13 Jun 2024 12:00:43 +0000 [ERROR] request="748f9dbfa1023" component="TYPO3.CMS.Core.Localization.Locales": Locale "de_DE.UTF-8" and  "de_DE" not found. 
Thu, 13 Jun 2024 12:00:43 +0000 [ERROR] request="0c917d47be09c" component="TYPO3.CMS.Core.Localization.Locales": Locale "de_DE.UTF-8" and  "de_DE" not found. 
Thu, 13 Jun 2024 12:00:43 +0000 [ERROR] request="b537a183626cd" component="TYPO3.CMS.Core.Localization.Locales": Locale "de_DE.UTF-8" and  "de_DE" not found. 
Thu, 13 Jun 2024 12:00:44 +0000 [ERROR] request="46a8a18b53f5c" component="TYPO3.CMS.Core.Localization.Locales": Locale "de_DE.UTF-8" and  "de_DE" not found. 
Thu, 13 Jun 2024 12:00:44 +0000 [ERROR] request="aa7e12f6c82dd" component="TYPO3.CMS.Core.Localization.Locales": Locale "de_DE.UTF-8" and  "de_DE" not found. 
Thu, 13 Jun 2024 12:00:45 +0000 [ERROR] request="60e4478bdd810" component="TYPO3.CMS.Core.Localization.Locales": Locale "de_DE.UTF-8" and  "de_DE" not found. 
Thu, 13 Jun 2024 12:00:45 +0000 [ERROR] request="71cdef1d22ef7" component="TYPO3.CMS.Core.Localization.Locales": Locale "de_DE.UTF-8" and  "de_DE" not found. 
Thu, 13 Jun 2024 12:00:46 +0000 [ERROR] request="2a2ad1a62d8f9" component="TYPO3.CMS.Core.Localization.Locales": Locale "de_DE.UTF-8" and  "de_DE" not found. 
Thu, 13 Jun 2024 12:00:46 +0000 [ERROR] request="2c5be501bb708" component="TYPO3.CMS.Core.Localization.Locales": Locale "de_DE.UTF-8" and  "de_DE" not found. 
Thu, 13 Jun 2024 12:00:47 +0000 [ERROR] request="178e39fbaee17" component="TYPO3.CMS.Core.Localization.Locales": Locale "de_DE.UTF-8" and  "de_DE" not found. 
Thu, 13 Jun 2024 12:00:47 +0000 [ERROR] request="f1cd55d6bc573" component="TYPO3.CMS.Core.Localization.Locales": Locale "de_DE.UTF-8" and  "de_DE" not found. 
Thu, 13 Jun 2024 12:00:48 +0000 [ERROR] request="b7eaae9885ca0" component="TYPO3.CMS.Core.Localization.Locales": Locale "de_DE.UTF-8" and  "de_DE" not found. 
Thu, 13 Jun 2024 12:00:48 +0000 [ERROR] request="be7337ef321ec" component="TYPO3.CMS.Core.Localization.Locales": Locale "de_DE.UTF-8" and  "de_DE" not found. 
Thu, 13 Jun 2024 12:00:49 +0000 [ERROR] request="7d7f7e34ff5c9" component="TYPO3.CMS.Core.Localization.Locales": Locale "de_DE.UTF-8" and  "de_DE" not found. 
Thu, 13 Jun 2024 12:00:49 +0000 [ERROR] request="f5adf1276e016" component="TYPO3.CMS.Core.Localization.Locales": Locale "de_DE.UTF-8" and  "de_DE" not found. 
Thu, 13 Jun 2024 12:00:50 +0000 [ERROR] request="f6fe834b3c6b6" component="TYPO3.CMS.Core.Localization.Locales": Locale "de_DE.UTF-8" and  "de_DE" not found. 
Thu, 13 Jun 2024 12:00:50 +0000 [ERROR] request="ac62bbb7b3c4b" component="TYPO3.CMS.Core.Localization.Locales": Locale "de_DE.UTF-8" and  "de_DE" not found. 
Thu, 13 Jun 2024 12:00:51 +0000 [ERROR] request="6bbe5e57fb150" component="TYPO3.CMS.Core.Localization.Locales": Locale "de_DE.UTF-8" and  "de_DE" not found. 
Thu, 13 Jun 2024 12:00:52 +0000 [ERROR] request="4e70c078ca62e" component="TYPO3.CMS.Core.Localization.Locales": Locale "de_DE.UTF-8" and  "de_DE" not found. 
Thu, 13 Jun 2024 12:00:52 +0000 [ERROR] request="2076decd07811" component="TYPO3.CMS.Core.Localization.Locales": Locale "de_DE.UTF-8" and  "de_DE" not found. 
Thu, 13 Jun 2024 12:07:40 +0000 [ERROR] request="614c60cdf16ef" component="TYPO3.CMS.Core.Localization.Locales": Locale "de_DE.UTF-8" and  "de_DE" not found. 
Thu, 13 Jun 2024 12:07:40 +0000 [ERROR] request="5c02b45cadc91" component="TYPO3.CMS.Core.Localization.Locales": Locale "de_DE.UTF-8" and  "de_DE" not found. 
Thu, 13 Jun 2024 12:07:40 +0000 [ERROR] request="deaeed9181271" component="TYPO3.CMS.Core.Localization.Locales": Locale "de_DE.UTF-8" and  "de_DE" not found. 
Thu, 13 Jun 2024 12:07:40 +0000 [ERROR] request="c7b09912d13fb" component="TYPO3.CMS.Core.Localization.Locales": Locale "de_DE.UTF-8" and  "de_DE" not found. 
Thu, 13 Jun 2024 12:07:40 +0000 [ERROR] request="2530b9510d2fc" component="TYPO3.CMS.Core.Localization.Locales": Locale "de_DE.UTF-8" and  "de_DE" not found. 
Thu, 13 Jun 2024 12:07:40 +0000 [ERROR] request="35b029c91d083" component="TYPO3.CMS.Core.Localization.Locales": Locale "de_DE.UTF-8" and  "de_DE" not found. 
Thu, 13 Jun 2024 12:07:40 +0000 [ERROR] request="61398cf918e25" component="TYPO3.CMS.Core.Localization.Locales": Locale "de_DE.UTF-8" and  "de_DE" not found. 
Thu, 13 Jun 2024 12:07:40 +0000 [ERROR] request="657654917a687" component="TYPO3.CMS.Core.Localization.Locales": Locale "de_DE.UTF-8" and  "de_DE" not found. 
Thu, 13 Jun 2024 12:07:41 +0000 [ERROR] request="a81e3a14f52cb" component="TYPO3.CMS.Core.Localization.Locales": Locale "de_DE.UTF-8" and  "de_DE" not found. 
Thu, 13 Jun 2024 12:07:41 +0000 [ERROR] request="57450f35fd272" component="TYPO3.CMS.Core.Localization.Locales": Locale "de_DE.UTF-8" and  "de_DE" not found. 
Thu, 13 Jun 2024 12:07:41 +0000 [ERROR] request="d697de5d9c326" component="TYPO3.CMS.Core.Localization.Locales": Locale "de_DE.UTF-8" and  "de_DE" not found. 
Thu, 13 Jun 2024 12:07:41 +0000 [ERROR] request="a09b8387b9925" component="TYPO3.CMS.Core.Localization.Locales": Locale "de_DE.UTF-8" and  "de_DE" not found. 
Thu, 13 Jun 2024 12:07:41 +0000 [ERROR] request="89a2bfec31d90" component="TYPO3.CMS.Core.Localization.Locales": Locale "da_DK.UTF-8" and  "da_DK" not found. 
Thu, 13 Jun 2024 12:07:41 +0000 [ERROR] request="30899e8b5745f" component="TYPO3.CMS.Core.Localization.Locales": Locale "da_DK.UTF-8" and  "da_DK" not found. 
Thu, 13 Jun 2024 12:07:44 +0000 [ERROR] request="4069e7579b79e" component="TYPO3.CMS.Core.Localization.Locales": Locale "de_DE.UTF-8" and  "de_DE" not found. 
Thu, 13 Jun 2024 12:07:44 +0000 [ERROR] request="3b03c37b75b90" component="TYPO3.CMS.Core.Localization.Locales": Locale "de_DE.UTF-8" and  "de_DE" not found. 
Thu, 13 Jun 2024 12:07:44 +0000 [ERROR] request="6ac523ae19a47" component="TYPO3.CMS.Core.Localization.Locales": Locale "de_DE.UTF-8" and  "de_DE" not found. 
Thu, 13 Jun 2024 12:07:44 +0000 [ERROR] request="723c9717ecca7" component="TYPO3.CMS.Core.Localization.Locales": Locale "de_DE.UTF-8" and  "de_DE" not found. 
Thu, 13 Jun 2024 12:07:44 +0000 [ERROR] request="a87ed34ceb7d5" component="TYPO3.CMS.Core.Localization.Locales": Locale "de_DE.UTF-8" and  "de_DE" not found. 
Thu, 13 Jun 2024 12:07:44 +0000 [ERROR] request="02e9caefd7ad4" component="TYPO3.CMS.Core.Localization.Locales": Locale "de_DE.UTF-8" and  "de_DE" not found. 
Thu, 13 Jun 2024 12:07:44 +0000 [ERROR] request="98aa60d5b9835" component="TYPO3.CMS.Core.Localization.Locales": Locale "de_DE.UTF-8" and  "de_DE" not found. 
Thu, 13 Jun 2024 12:07:44 +0000 [ERROR] request="2e010657c83cd" component="TYPO3.CMS.Core.Localization.Locales": Locale "de_DE.UTF-8" and  "de_DE" not found. 
Thu, 13 Jun 2024 12:07:44 +0000 [ERROR] request="1d3c8b7968d9e" component="TYPO3.CMS.Core.Localization.Locales": Locale "de_DE.UTF-8" and  "de_DE" not found. 
Thu, 13 Jun 2024 12:07:44 +0000 [ERROR] request="87260da59f814" component="TYPO3.CMS.Core.Localization.Locales": Locale "de_DE.UTF-8" and  "de_DE" not found. 
Thu, 13 Jun 2024 12:07:44 +0000 [ERROR] request="5750a23e7b546" component="TYPO3.CMS.Core.Localization.Locales": Locale "de_DE.UTF-8" and  "de_DE" not found. 
Thu, 13 Jun 2024 12:07:44 +0000 [ERROR] request="98772edc746e6" component="TYPO3.CMS.Core.Localization.Locales": Locale "de_DE.UTF-8" and  "de_DE" not found. 
Thu, 13 Jun 2024 12:07:44 +0000 [ERROR] request="de1d7126571fe" component="TYPO3.CMS.Core.Localization.Locales": Locale "de_DE.UTF-8" and  "de_DE" not found. 
Thu, 13 Jun 2024 12:07:44 +0000 [ERROR] request="7fcdfea172dd5" component="TYPO3.CMS.Core.Localization.Locales": Locale "de_DE.UTF-8" and  "de_DE" not found. 
Thu, 13 Jun 2024 12:07:44 +0000 [ERROR] request="fa2f596910d80" component="TYPO3.CMS.Core.Localization.Locales": Locale "da_DK.UTF-8" and  "da_DK" not found. 
Thu, 13 Jun 2024 12:07:44 +0000 [ERROR] request="37231441b8f3b" component="TYPO3.CMS.Core.Localization.Locales": Locale "da_DK.UTF-8" and  "da_DK" not found. 
Thu, 13 Jun 2024 12:07:48 +0000 [ERROR] request="e900c2270f6c0" component="TYPO3.CMS.Core.Localization.Locales": Locale "de_DE.UTF-8" and  "de_DE" not found. 
Thu, 13 Jun 2024 12:07:48 +0000 [ERROR] request="80f246eb75da4" component="TYPO3.CMS.Core.Localization.Locales": Locale "de_DE.UTF-8" and  "de_DE" not found. 
Thu, 13 Jun 2024 12:08:43 +0000 [ERROR] request="ba9b8164279f8" component="TYPO3.CMS.Core.Localization.Locales": Locale "de_DE.UTF-8" and  "de_DE" not found. 
Thu, 13 Jun 2024 12:08:43 +0000 [ERROR] request="9a83fb4d66a96" component="TYPO3.CMS.Core.Localization.Locales": Locale "de_DE.UTF-8" and  "de_DE" not found. 
Thu, 13 Jun 2024 12:08:43 +0000 [ERROR] request="964859d9b073f" component="TYPO3.CMS.Core.Localization.Locales": Locale "de_DE.UTF-8" and  "de_DE" not found. 
Thu, 13 Jun 2024 12:08:43 +0000 [ERROR] request="9ca206afafcd8" component="TYPO3.CMS.Core.Localization.Locales": Locale "de_DE.UTF-8" and  "de_DE" not found. 
Thu, 13 Jun 2024 12:08:43 +0000 [ERROR] request="2ad0dc3581c78" component="TYPO3.CMS.Core.Localization.Locales": Locale "de_DE.UTF-8" and  "de_DE" not found. 
Thu, 13 Jun 2024 12:08:43 +0000 [ERROR] request="35e6f85ea7931" component="TYPO3.CMS.Core.Localization.Locales": Locale "de_DE.UTF-8" and  "de_DE" not found. 
Thu, 13 Jun 2024 12:08:43 +0000 [ERROR] request="329394f9f78c2" component="TYPO3.CMS.Core.Localization.Locales": Locale "de_DE.UTF-8" and  "de_DE" not found. 
Thu, 13 Jun 2024 12:08:43 +0000 [ERROR] request="2f0b816a6a02a" component="TYPO3.CMS.Core.Localization.Locales": Locale "de_DE.UTF-8" and  "de_DE" not found. 
Thu, 13 Jun 2024 12:08:43 +0000 [ERROR] request="e695bcebc92d4" component="TYPO3.CMS.Core.Localization.Locales": Locale "de_DE.UTF-8" and  "de_DE" not found. 
Thu, 13 Jun 2024 12:08:43 +0000 [ERROR] request="3464de1bc1374" component="TYPO3.CMS.Core.Localization.Locales": Locale "de_DE.UTF-8" and  "de_DE" not found. 
Thu, 13 Jun 2024 12:08:43 +0000 [ERROR] request="9d892c51caa9b" component="TYPO3.CMS.Core.Localization.Locales": Locale "de_DE.UTF-8" and  "de_DE" not found. 
Thu, 13 Jun 2024 12:08:43 +0000 [ERROR] request="7af7619918eaf" component="TYPO3.CMS.Core.Localization.Locales": Locale "de_DE.UTF-8" and  "de_DE" not found. 
Thu, 13 Jun 2024 12:08:43 +0000 [ERROR] request="c6805b96c65c7" component="TYPO3.CMS.Core.Localization.Locales": Locale "da_DK.UTF-8" and  "da_DK" not found. 
Thu, 13 Jun 2024 12:08:43 +0000 [ERROR] request="ef48f8743a456" component="TYPO3.CMS.Core.Localization.Locales": Locale "da_DK.UTF-8" and  "da_DK" not found. 
Thu, 13 Jun 2024 12:08:46 +0000 [ERROR] request="da472fd621fdd" component="TYPO3.CMS.Core.Localization.Locales": Locale "de_DE.UTF-8" and  "de_DE" not found. 
Thu, 13 Jun 2024 12:08:46 +0000 [ERROR] request="f749e9c1cc066" component="TYPO3.CMS.Core.Localization.Locales": Locale "de_DE.UTF-8" and  "de_DE" not found. 
Thu, 13 Jun 2024 12:08:46 +0000 [ERROR] request="99807fed7f46b" component="TYPO3.CMS.Core.Localization.Locales": Locale "de_DE.UTF-8" and  "de_DE" not found. 
Thu, 13 Jun 2024 12:08:46 +0000 [ERROR] request="7a53e565c5584" component="TYPO3.CMS.Core.Localization.Locales": Locale "de_DE.UTF-8" and  "de_DE" not found. 
Thu, 13 Jun 2024 12:08:46 +0000 [ERROR] request="c55d2937252d7" component="TYPO3.CMS.Core.Localization.Locales": Locale "de_DE.UTF-8" and  "de_DE" not found. 
Thu, 13 Jun 2024 12:08:46 +0000 [ERROR] request="6841ff7a90e77" component="TYPO3.CMS.Core.Localization.Locales": Locale "de_DE.UTF-8" and  "de_DE" not found. 
Thu, 13 Jun 2024 12:08:46 +0000 [ERROR] request="7770eab0a9b3f" component="TYPO3.CMS.Core.Localization.Locales": Locale "de_DE.UTF-8" and  "de_DE" not found. 
Thu, 13 Jun 2024 12:08:46 +0000 [ERROR] request="7721d5901606e" component="TYPO3.CMS.Core.Localization.Locales": Locale "de_DE.UTF-8" and  "de_DE" not found. 
Thu, 13 Jun 2024 12:08:46 +0000 [ERROR] request="d31af254f726a" component="TYPO3.CMS.Core.Localization.Locales": Locale "de_DE.UTF-8" and  "de_DE" not found. 
Thu, 13 Jun 2024 12:08:46 +0000 [ERROR] request="993caf68f8b6b" component="TYPO3.CMS.Core.Localization.Locales": Locale "de_DE.UTF-8" and  "de_DE" not found. 
Thu, 13 Jun 2024 12:08:46 +0000 [ERROR] request="adc2430d73ea8" component="TYPO3.CMS.Core.Localization.Locales": Locale "de_DE.UTF-8" and  "de_DE" not found. 
Thu, 13 Jun 2024 12:08:46 +0000 [ERROR] request="29cd836f21622" component="TYPO3.CMS.Core.Localization.Locales": Locale "de_DE.UTF-8" and  "de_DE" not found. 
Thu, 13 Jun 2024 12:08:46 +0000 [ERROR] request="8ae9618230744" component="TYPO3.CMS.Core.Localization.Locales": Locale "de_DE.UTF-8" and  "de_DE" not found. 
Thu, 13 Jun 2024 12:08:46 +0000 [ERROR] request="0f5e1340c6929" component="TYPO3.CMS.Core.Localization.Locales": Locale "de_DE.UTF-8" and  "de_DE" not found. 
Thu, 13 Jun 2024 12:08:46 +0000 [ERROR] request="8fca4577c9420" component="TYPO3.CMS.Core.Localization.Locales": Locale "de_DE.UTF-8" and  "de_DE" not found. 
Thu, 13 Jun 2024 12:08:46 +0000 [ERROR] request="58cede3965a46" component="TYPO3.CMS.Core.Localization.Locales": Locale "de_DE.UTF-8" and  "de_DE" not found. 
Thu, 13 Jun 2024 12:08:46 +0000 [ERROR] request="ca594fba094e5" component="TYPO3.CMS.Core.Localization.Locales": Locale "de_DE.UTF-8" and  "de_DE" not found. 
Thu, 13 Jun 2024 12:08:46 +0000 [ERROR] request="9049a932728d6" component="TYPO3.CMS.Core.Localization.Locales": Locale "de_DE.UTF-8" and  "de_DE" not found. 
Thu, 13 Jun 2024 12:08:46 +0000 [ERROR] request="c73cac3ca2c4e" component="TYPO3.CMS.Core.Localization.Locales": Locale "de_DE.UTF-8" and  "de_DE" not found. 
Thu, 13 Jun 2024 12:08:46 +0000 [ERROR] request="8dc0b1e85d967" component="TYPO3.CMS.Core.Localization.Locales": Locale "de_DE.UTF-8" and  "de_DE" not found. 
Thu, 13 Jun 2024 12:08:47 +0000 [ERROR] request="d781555d87c1a" component="TYPO3.CMS.Core.Localization.Locales": Locale "de_DE.UTF-8" and  "de_DE" not found. 
Thu, 13 Jun 2024 12:08:47 +0000 [ERROR] request="8f70e9754cdae" component="TYPO3.CMS.Core.Localization.Locales": Locale "de_DE.UTF-8" and  "de_DE" not found. 
Thu, 13 Jun 2024 12:08:47 +0000 [ERROR] request="0d46937baed9e" component="TYPO3.CMS.Core.Localization.Locales": Locale "de_DE.UTF-8" and  "de_DE" not found. 
Thu, 13 Jun 2024 12:08:47 +0000 [ERROR] request="33894954d65af" component="TYPO3.CMS.Core.Localization.Locales": Locale "de_DE.UTF-8" and  "de_DE" not found. 
Thu, 13 Jun 2024 12:08:47 +0000 [ERROR] request="832d49f479dff" component="TYPO3.CMS.Core.Localization.Locales": Locale "de_DE.UTF-8" and  "de_DE" not found. 
Thu, 13 Jun 2024 12:08:47 +0000 [ERROR] request="de768695a036f" component="TYPO3.CMS.Core.Localization.Locales": Locale "de_DE.UTF-8" and  "de_DE" not found. 
Thu, 13 Jun 2024 12:08:47 +0000 [ERROR] request="ad4f1b9465dae" component="TYPO3.CMS.Core.Localization.Locales": Locale "de_DE.UTF-8" and  "de_DE" not found. 
Thu, 13 Jun 2024 12:08:47 +0000 [ERROR] request="1ba1659452f93" component="TYPO3.CMS.Core.Localization.Locales": Locale "de_DE.UTF-8" and  "de_DE" not found. 
Thu, 13 Jun 2024 12:08:47 +0000 [ERROR] request="e28296919187b" component="TYPO3.CMS.Core.Localization.Locales": Locale "de_DE.UTF-8" and  "de_DE" not found. 
Thu, 13 Jun 2024 12:08:48 +0000 [ERROR] request="6946ac027c9d3" component="TYPO3.CMS.Core.Localization.Locales": Locale "de_DE.UTF-8" and  "de_DE" not found. 
Thu, 13 Jun 2024 12:08:48 +0000 [ERROR] request="954790f81c127" component="TYPO3.CMS.Core.Localization.Locales": Locale "de_DE.UTF-8" and  "de_DE" not found. 
Thu, 13 Jun 2024 12:08:48 +0000 [ERROR] request="51fd214812c09" component="TYPO3.CMS.Core.Localization.Locales": Locale "de_DE.UTF-8" and  "de_DE" not found. 
Thu, 13 Jun 2024 12:08:48 +0000 [ERROR] request="09b159e6b9fb4" component="TYPO3.CMS.Core.Localization.Locales": Locale "de_DE.UTF-8" and  "de_DE" not found. 
Thu, 13 Jun 2024 12:08:48 +0000 [ERROR] request="b1e94b9c6a325" component="TYPO3.CMS.Core.Localization.Locales": Locale "de_DE.UTF-8" and  "de_DE" not found. 
Thu, 13 Jun 2024 12:08:48 +0000 [ERROR] request="083a69fdeb1b3" component="TYPO3.CMS.Core.Localization.Locales": Locale "de_DE.UTF-8" and  "de_DE" not found. 
Thu, 13 Jun 2024 12:08:48 +0000 [ERROR] request="7805a7e460d3b" component="TYPO3.CMS.Core.Localization.Locales": Locale "de_DE.UTF-8" and  "de_DE" not found. 
Thu, 13 Jun 2024 12:08:48 +0000 [ERROR] request="57216a99dcde8" component="TYPO3.CMS.Core.Localization.Locales": Locale "de_DE.UTF-8" and  "de_DE" not found. 
Thu, 13 Jun 2024 12:08:48 +0000 [ERROR] request="893857f3cb211" component="TYPO3.CMS.Core.Localization.Locales": Locale "de_DE.UTF-8" and  "de_DE" not found. 
Thu, 13 Jun 2024 12:08:48 +0000 [ERROR] request="153b03faf1c86" component="TYPO3.CMS.Core.Localization.Locales": Locale "de_DE.UTF-8" and  "de_DE" not found. 
Thu, 13 Jun 2024 12:08:48 +0000 [ERROR] request="767181e6ffe67" component="TYPO3.CMS.Core.Localization.Locales": Locale "de_DE.UTF-8" and  "de_DE" not found. 
Thu, 13 Jun 2024 12:08:48 +0000 [ERROR] request="fcc5188370af1" component="TYPO3.CMS.Core.Localization.Locales": Locale "de_DE.UTF-8" and  "de_DE" not found. 
Thu, 13 Jun 2024 12:08:48 +0000 [ERROR] request="65c11d32f259b" component="TYPO3.CMS.Core.Localization.Locales": Locale "de_DE.UTF-8" and  "de_DE" not found. 
Thu, 13 Jun 2024 12:08:48 +0000 [ERROR] request="d289eb5d81420" component="TYPO3.CMS.Core.Localization.Locales": Locale "de_DE.UTF-8" and  "de_DE" not found. 
Thu, 13 Jun 2024 12:08:48 +0000 [ERROR] request="faa11d721c6ea" component="TYPO3.CMS.Core.Localization.Locales": Locale "de_DE.UTF-8" and  "de_DE" not found. 
Thu, 13 Jun 2024 12:08:48 +0000 [ERROR] request="389abd3ff95cb" component="TYPO3.CMS.Core.Localization.Locales": Locale "de_DE.UTF-8" and  "de_DE" not found. 
Thu, 13 Jun 2024 12:08:48 +0000 [ERROR] request="0255505ebdf97" component="TYPO3.CMS.Core.Localization.Locales": Locale "de_DE.UTF-8" and  "de_DE" not found. 
Thu, 13 Jun 2024 12:08:48 +0000 [ERROR] request="63dfc1bea525f" component="TYPO3.CMS.Core.Localization.Locales": Locale "de_DE.UTF-8" and  "de_DE" not found. 
Thu, 13 Jun 2024 12:08:48 +0000 [ERROR] request="15354e326ada5" component="TYPO3.CMS.Core.Localization.Locales": Locale "de_DE.UTF-8" and  "de_DE" not found. 
Thu, 13 Jun 2024 12:08:48 +0000 [ERROR] request="2924848dba170" component="TYPO3.CMS.Core.Localization.Locales": Locale "de_DE.UTF-8" and  "de_DE" not found. 
Thu, 13 Jun 2024 12:08:48 +0000 [ERROR] request="8362d340a6175" component="TYPO3.CMS.Core.Localization.Locales": Locale "de_DE.UTF-8" and  "de_DE" not found. 
Thu, 13 Jun 2024 12:08:48 +0000 [ERROR] request="b2d1c7c8704b9" component="TYPO3.CMS.Core.Localization.Locales": Locale "da_DK.UTF-8" and  "da_DK" not found. 
Thu, 13 Jun 2024 12:08:48 +0000 [ERROR] request="94d992c2adc91" component="TYPO3.CMS.Core.Localization.Locales": Locale "da_DK.UTF-8" and  "da_DK" not found. 
Thu, 13 Jun 2024 12:08:48 +0000 [ERROR] request="1dde6238d4575" component="TYPO3.CMS.Core.Localization.Locales": Locale "da_DK.UTF-8" and  "da_DK" not found. 
Thu, 13 Jun 2024 12:08:48 +0000 [ERROR] request="437892e94c47b" component="TYPO3.CMS.Core.Localization.Locales": Locale "da_DK.UTF-8" and  "da_DK" not found. 
Thu, 13 Jun 2024 12:08:48 +0000 [ERROR] request="92493a3ad23c4" component="TYPO3.CMS.Core.Localization.Locales": Locale "da_DK.UTF-8" and  "da_DK" not found. 
Thu, 13 Jun 2024 12:08:48 +0000 [ERROR] request="71a341987d429" component="TYPO3.CMS.Core.Localization.Locales": Locale "da_DK.UTF-8" and  "da_DK" not found. 
Thu, 13 Jun 2024 12:08:48 +0000 [ERROR] request="311dcc4e175a8" component="TYPO3.CMS.Core.Localization.Locales": Locale "da_DK.UTF-8" and  "da_DK" not found. 
Thu, 13 Jun 2024 12:08:48 +0000 [ERROR] request="dd1660f57b798" component="TYPO3.CMS.Core.Localization.Locales": Locale "da_DK.UTF-8" and  "da_DK" not found. 
Thu, 13 Jun 2024 12:09:01 +0000 [ERROR] request="3d8428e2bee96" component="TYPO3.CMS.Core.Localization.Locales": Locale "de_DE.UTF-8" and  "de_DE" not found. 
Thu, 13 Jun 2024 12:09:01 +0000 [ERROR] request="d886c083cf6c8" component="TYPO3.CMS.Core.Localization.Locales": Locale "de_DE.UTF-8" and  "de_DE" not found. 
Thu, 13 Jun 2024 12:09:01 +0000 [ERROR] request="21b5d180c00b5" component="TYPO3.CMS.Core.Localization.Locales": Locale "de_DE.UTF-8" and  "de_DE" not found. 
Thu, 13 Jun 2024 12:09:01 +0000 [ERROR] request="0fe28fcf79315" component="TYPO3.CMS.Core.Localization.Locales": Locale "de_DE.UTF-8" and  "de_DE" not found. 
Thu, 13 Jun 2024 12:09:01 +0000 [ERROR] request="a058f1401b1f9" component="TYPO3.CMS.Core.Localization.Locales": Locale "de_DE.UTF-8" and  "de_DE" not found. 
Thu, 13 Jun 2024 12:09:02 +0000 [ERROR] request="d3ceafd6bc403" component="TYPO3.CMS.Core.Localization.Locales": Locale "de_DE.UTF-8" and  "de_DE" not found. 
Thu, 13 Jun 2024 12:09:02 +0000 [ERROR] request="34036d880c730" component="TYPO3.CMS.Core.Localization.Locales": Locale "de_DE.UTF-8" and  "de_DE" not found. 
Thu, 13 Jun 2024 12:09:02 +0000 [ERROR] request="882f5b8668bd8" component="TYPO3.CMS.Core.Localization.Locales": Locale "de_DE.UTF-8" and  "de_DE" not found. 
Thu, 13 Jun 2024 12:09:02 +0000 [ERROR] request="89d9d8a4f4f67" component="TYPO3.CMS.Core.Localization.Locales": Locale "de_DE.UTF-8" and  "de_DE" not found. 
Thu, 13 Jun 2024 12:09:02 +0000 [ERROR] request="d4a710c7cd26a" component="TYPO3.CMS.Core.Localization.Locales": Locale "de_DE.UTF-8" and  "de_DE" not found. 
Thu, 13 Jun 2024 12:09:02 +0000 [ERROR] request="a377e0ffda5d8" component="TYPO3.CMS.Core.Localization.Locales": Locale "de_DE.UTF-8" and  "de_DE" not found. 
Thu, 13 Jun 2024 12:09:02 +0000 [ERROR] request="282674a76151b" component="TYPO3.CMS.Core.Localization.Locales": Locale "de_DE.UTF-8" and  "de_DE" not found. 
Thu, 13 Jun 2024 12:09:02 +0000 [ERROR] request="47c9dec2fea39" component="TYPO3.CMS.Core.Localization.Locales": Locale "de_DE.UTF-8" and  "de_DE" not found. 
Thu, 13 Jun 2024 12:09:02 +0000 [ERROR] request="39d9cec4706f5" component="TYPO3.CMS.Core.Localization.Locales": Locale "de_DE.UTF-8" and  "de_DE" not found. 
Thu, 13 Jun 2024 12:09:02 +0000 [ERROR] request="6ac22d7ede5ae" component="TYPO3.CMS.Core.Localization.Locales": Locale "de_DE.UTF-8" and  "de_DE" not found. 
Thu, 13 Jun 2024 12:09:02 +0000 [ERROR] request="ad2a6d1cd4b32" component="TYPO3.CMS.Core.Localization.Locales": Locale "de_DE.UTF-8" and  "de_DE" not found. 
Thu, 13 Jun 2024 12:09:02 +0000 [ERROR] request="d33c616baf234" component="TYPO3.CMS.Core.Localization.Locales": Locale "da_DK.UTF-8" and  "da_DK" not found. 
Thu, 13 Jun 2024 12:09:02 +0000 [ERROR] request="502ddb76a27f6" component="TYPO3.CMS.Core.Localization.Locales": Locale "da_DK.UTF-8" and  "da_DK" not found. 
Thu, 13 Jun 2024 12:09:02 +0000 [ERROR] request="6ece8fff205dc" component="TYPO3.CMS.Core.Localization.Locales": Locale "de_DE.UTF-8" and  "de_DE" not found. 
Thu, 13 Jun 2024 12:09:02 +0000 [ERROR] request="9e22e01a18af5" component="TYPO3.CMS.Core.Localization.Locales": Locale "de_DE.UTF-8" and  "de_DE" not found. 
Thu, 13 Jun 2024 12:09:02 +0000 [ERROR] request="c42bc2cf45025" component="TYPO3.CMS.Core.Localization.Locales": Locale "de_DE.UTF-8" and  "de_DE" not found. 
Thu, 13 Jun 2024 12:09:02 +0000 [ERROR] request="d03755413342c" component="TYPO3.CMS.Core.Localization.Locales": Locale "de_DE.UTF-8" and  "de_DE" not found. 
Thu, 13 Jun 2024 12:09:05 +0000 [ERROR] request="9da28af90574e" component="TYPO3.CMS.Core.Localization.Locales": Locale "de_DE.UTF-8" and  "de_DE" not found. 
Thu, 13 Jun 2024 12:09:05 +0000 [ERROR] request="0a4397972a0b0" component="TYPO3.CMS.Core.Localization.Locales": Locale "de_DE.UTF-8" and  "de_DE" not found. 
Thu, 13 Jun 2024 12:09:44 +0000 [ERROR] request="b8ca70e89c5de" component="TYPO3.CMS.Core.Localization.Locales": Locale "de_DE.UTF-8" and  "de_DE" not found. 
Thu, 13 Jun 2024 12:09:44 +0000 [ERROR] request="c84caa93205e7" component="TYPO3.CMS.Core.Localization.Locales": Locale "de_DE.UTF-8" and  "de_DE" not found. 
Thu, 13 Jun 2024 12:09:44 +0000 [ERROR] request="ba028b8d97760" component="TYPO3.CMS.Core.Localization.Locales": Locale "de_DE.UTF-8" and  "de_DE" not found. 
Thu, 13 Jun 2024 12:09:44 +0000 [ERROR] request="38cdf16aa9578" component="TYPO3.CMS.Core.Localization.Locales": Locale "de_DE.UTF-8" and  "de_DE" not found. 
Thu, 13 Jun 2024 12:09:44 +0000 [ERROR] request="26a253ef2baaf" component="TYPO3.CMS.Core.Localization.Locales": Locale "de_DE.UTF-8" and  "de_DE" not found. 
Thu, 13 Jun 2024 12:09:44 +0000 [ERROR] request="8803988137f73" component="TYPO3.CMS.Core.Localization.Locales": Locale "de_DE.UTF-8" and  "de_DE" not found. 
Thu, 13 Jun 2024 12:09:44 +0000 [ERROR] request="09bdcd14995e5" component="TYPO3.CMS.Core.Localization.Locales": Locale "de_DE.UTF-8" and  "de_DE" not found. 
Thu, 13 Jun 2024 12:09:44 +0000 [ERROR] request="18d3f8b036e05" component="TYPO3.CMS.Core.Localization.Locales": Locale "de_DE.UTF-8" and  "de_DE" not found. 
Thu, 13 Jun 2024 12:09:44 +0000 [ERROR] request="2172c01847958" component="TYPO3.CMS.Core.Localization.Locales": Locale "de_DE.UTF-8" and  "de_DE" not found. 
Thu, 13 Jun 2024 12:09:44 +0000 [ERROR] request="9e24191edb9db" component="TYPO3.CMS.Core.Localization.Locales": Locale "de_DE.UTF-8" and  "de_DE" not found. 
Thu, 13 Jun 2024 12:09:44 +0000 [ERROR] request="11771ed74baa4" component="TYPO3.CMS.Core.Localization.Locales": Locale "de_DE.UTF-8" and  "de_DE" not found. 
Thu, 13 Jun 2024 12:09:44 +0000 [ERROR] request="25c614bc3a6f0" component="TYPO3.CMS.Core.Localization.Locales": Locale "de_DE.UTF-8" and  "de_DE" not found. 
Thu, 13 Jun 2024 12:09:44 +0000 [ERROR] request="f37d3bc53d49a" component="TYPO3.CMS.Core.Localization.Locales": Locale "da_DK.UTF-8" and  "da_DK" not found. 
Thu, 13 Jun 2024 12:09:44 +0000 [ERROR] request="cfb91101d4ccd" component="TYPO3.CMS.Core.Localization.Locales": Locale "da_DK.UTF-8" and  "da_DK" not found. 
Thu, 13 Jun 2024 12:09:48 +0000 [ERROR] request="73a144935154e" component="TYPO3.CMS.Core.Localization.Locales": Locale "de_DE.UTF-8" and  "de_DE" not found. 
Thu, 13 Jun 2024 12:09:48 +0000 [ERROR] request="23e0477700ea4" component="TYPO3.CMS.Core.Localization.Locales": Locale "de_DE.UTF-8" and  "de_DE" not found. 
Thu, 13 Jun 2024 12:10:04 +0000 [ERROR] request="e38af04d98e69" component="TYPO3.CMS.Core.Localization.Locales": Locale "de_DE.UTF-8" and  "de_DE" not found. 
Thu, 13 Jun 2024 12:10:04 +0000 [ERROR] request="64280a00c6b1b" component="TYPO3.CMS.Core.Localization.Locales": Locale "de_DE.UTF-8" and  "de_DE" not found. 
Thu, 13 Jun 2024 12:10:04 +0000 [ERROR] request="39c2b424c6571" component="TYPO3.CMS.Core.Localization.Locales": Locale "de_DE.UTF-8" and  "de_DE" not found. 
Thu, 13 Jun 2024 12:10:04 +0000 [ERROR] request="99ebe78fc0e36" component="TYPO3.CMS.Core.Localization.Locales": Locale "de_DE.UTF-8" and  "de_DE" not found. 
Thu, 13 Jun 2024 12:10:04 +0000 [ERROR] request="cd8d669f97186" component="TYPO3.CMS.Core.Localization.Locales": Locale "de_DE.UTF-8" and  "de_DE" not found. 
Thu, 13 Jun 2024 12:10:04 +0000 [ERROR] request="5eb79e2ec907c" component="TYPO3.CMS.Core.Localization.Locales": Locale "de_DE.UTF-8" and  "de_DE" not found. 
Thu, 13 Jun 2024 12:10:04 +0000 [ERROR] request="cef21f62d5954" component="TYPO3.CMS.Core.Localization.Locales": Locale "de_DE.UTF-8" and  "de_DE" not found. 
Thu, 13 Jun 2024 12:10:04 +0000 [ERROR] request="9706fdc7bf446" component="TYPO3.CMS.Core.Localization.Locales": Locale "de_DE.UTF-8" and  "de_DE" not found. 
Thu, 13 Jun 2024 12:10:04 +0000 [ERROR] request="c9348c280f375" component="TYPO3.CMS.Core.Localization.Locales": Locale "de_DE.UTF-8" and  "de_DE" not found. 
Thu, 13 Jun 2024 12:10:04 +0000 [ERROR] request="31da491682b53" component="TYPO3.CMS.Core.Localization.Locales": Locale "de_DE.UTF-8" and  "de_DE" not found. 
Thu, 13 Jun 2024 12:10:04 +0000 [ERROR] request="ff6eaf37e2a55" component="TYPO3.CMS.Core.Localization.Locales": Locale "de_DE.UTF-8" and  "de_DE" not found. 
Thu, 13 Jun 2024 12:10:04 +0000 [ERROR] request="8d7608be2e2ad" component="TYPO3.CMS.Core.Localization.Locales": Locale "de_DE.UTF-8" and  "de_DE" not found. 
Thu, 13 Jun 2024 12:10:04 +0000 [ERROR] request="b6c58ca92afd3" component="TYPO3.CMS.Core.Localization.Locales": Locale "da_DK.UTF-8" and  "da_DK" not found. 
Thu, 13 Jun 2024 12:10:04 +0000 [ERROR] request="fe13668cd5f36" component="TYPO3.CMS.Core.Localization.Locales": Locale "da_DK.UTF-8" and  "da_DK" not found. 
Thu, 13 Jun 2024 12:10:06 +0000 [ERROR] request="cee4ee0743bbf" component="TYPO3.CMS.Core.Localization.Locales": Locale "de_DE.UTF-8" and  "de_DE" not found. 
Thu, 13 Jun 2024 12:10:06 +0000 [ERROR] request="c0f8c0f29a5ef" component="TYPO3.CMS.Core.Localization.Locales": Locale "de_DE.UTF-8" and  "de_DE" not found. 
Thu, 13 Jun 2024 12:11:37 +0000 [ERROR] request="94c9954a15509" component="TYPO3.CMS.Core.Localization.Locales": Locale "de_DE.UTF-8" and  "de_DE" not found. 
Thu, 13 Jun 2024 12:11:37 +0000 [ERROR] request="3256838f5f07d" component="TYPO3.CMS.Core.Localization.Locales": Locale "de_DE.UTF-8" and  "de_DE" not found. 
Thu, 13 Jun 2024 12:11:37 +0000 [ERROR] request="18eab9c3e459e" component="TYPO3.CMS.Core.Localization.Locales": Locale "de_DE.UTF-8" and  "de_DE" not found. 
Thu, 13 Jun 2024 12:11:38 +0000 [ERROR] request="217ea11d3b820" component="TYPO3.CMS.Core.Localization.Locales": Locale "de_DE.UTF-8" and  "de_DE" not found. 
Thu, 13 Jun 2024 12:11:38 +0000 [ERROR] request="aef4e9106adc9" component="TYPO3.CMS.Core.Localization.Locales": Locale "de_DE.UTF-8" and  "de_DE" not found. 
Thu, 13 Jun 2024 12:11:38 +0000 [ERROR] request="ad2ab10b85c23" component="TYPO3.CMS.Core.Localization.Locales": Locale "de_DE.UTF-8" and  "de_DE" not found. 
Thu, 13 Jun 2024 12:11:38 +0000 [ERROR] request="da04ed797f070" component="TYPO3.CMS.Core.Localization.Locales": Locale "de_DE.UTF-8" and  "de_DE" not found. 
Thu, 13 Jun 2024 12:11:38 +0000 [ERROR] request="fd3b7b926670a" component="TYPO3.CMS.Core.Localization.Locales": Locale "de_DE.UTF-8" and  "de_DE" not found. 
Thu, 13 Jun 2024 12:11:38 +0000 [ERROR] request="fe30cdf0a103a" component="TYPO3.CMS.Core.Localization.Locales": Locale "de_DE.UTF-8" and  "de_DE" not found. 
Thu, 13 Jun 2024 12:11:38 +0000 [ERROR] request="a8bc6843b1cb4" component="TYPO3.CMS.Core.Localization.Locales": Locale "de_DE.UTF-8" and  "de_DE" not found. 
Thu, 13 Jun 2024 12:11:38 +0000 [ERROR] request="c98ae6d4b614e" component="TYPO3.CMS.Core.Localization.Locales": Locale "de_DE.UTF-8" and  "de_DE" not found. 
Thu, 13 Jun 2024 12:11:38 +0000 [ERROR] request="4e8aea5cbfbc7" component="TYPO3.CMS.Core.Localization.Locales": Locale "de_DE.UTF-8" and  "de_DE" not found. 
Thu, 13 Jun 2024 12:11:38 +0000 [ERROR] request="4f37e92d0ec9e" component="TYPO3.CMS.Core.Localization.Locales": Locale "de_DE.UTF-8" and  "de_DE" not found. 
Thu, 13 Jun 2024 12:11:38 +0000 [ERROR] request="0aa0e87f6b700" component="TYPO3.CMS.Core.Localization.Locales": Locale "de_DE.UTF-8" and  "de_DE" not found. 
Thu, 13 Jun 2024 12:11:38 +0000 [ERROR] request="62107c80b6625" component="TYPO3.CMS.Core.Localization.Locales": Locale "de_DE.UTF-8" and  "de_DE" not found. 
Thu, 13 Jun 2024 12:11:38 +0000 [ERROR] request="c783fd6ed2ee0" component="TYPO3.CMS.Core.Localization.Locales": Locale "de_DE.UTF-8" and  "de_DE" not found. 
Thu, 13 Jun 2024 12:11:38 +0000 [ERROR] request="0fc56979ca47d" component="TYPO3.CMS.Core.Localization.Locales": Locale "de_DE.UTF-8" and  "de_DE" not found. 
Thu, 13 Jun 2024 12:11:38 +0000 [ERROR] request="7156e8a7f99a7" component="TYPO3.CMS.Core.Localization.Locales": Locale "de_DE.UTF-8" and  "de_DE" not found. 
Thu, 13 Jun 2024 12:11:38 +0000 [ERROR] request="deae60df771cb" component="TYPO3.CMS.Core.Localization.Locales": Locale "de_DE.UTF-8" and  "de_DE" not found. 
Thu, 13 Jun 2024 12:11:38 +0000 [ERROR] request="eb1145032fb42" component="TYPO3.CMS.Core.Localization.Locales": Locale "de_DE.UTF-8" and  "de_DE" not found. 
Thu, 13 Jun 2024 12:11:38 +0000 [ERROR] request="4c2e694ad594e" component="TYPO3.CMS.Core.Localization.Locales": Locale "de_DE.UTF-8" and  "de_DE" not found. 
Thu, 13 Jun 2024 12:11:38 +0000 [ERROR] request="059f7cd73db63" component="TYPO3.CMS.Core.Localization.Locales": Locale "de_DE.UTF-8" and  "de_DE" not found. 
Thu, 13 Jun 2024 12:11:38 +0000 [ERROR] request="4cb1780ebbff1" component="TYPO3.CMS.Core.Localization.Locales": Locale "de_DE.UTF-8" and  "de_DE" not found. 
Thu, 13 Jun 2024 12:11:38 +0000 [ERROR] request="97b76f042d655" component="TYPO3.CMS.Core.Localization.Locales": Locale "de_DE.UTF-8" and  "de_DE" not found. 
Thu, 13 Jun 2024 12:11:38 +0000 [ERROR] request="ac0cbc37b69b7" component="TYPO3.CMS.Core.Localization.Locales": Locale "de_DE.UTF-8" and  "de_DE" not found. 
Thu, 13 Jun 2024 12:11:38 +0000 [ERROR] request="539d9fa508dd0" component="TYPO3.CMS.Core.Localization.Locales": Locale "de_DE.UTF-8" and  "de_DE" not found. 
Thu, 13 Jun 2024 12:11:38 +0000 [ERROR] request="c6c8869e62a29" component="TYPO3.CMS.Core.Localization.Locales": Locale "de_DE.UTF-8" and  "de_DE" not found. 
Thu, 13 Jun 2024 12:11:38 +0000 [ERROR] request="ff8ba928ce1ab" component="TYPO3.CMS.Core.Localization.Locales": Locale "de_DE.UTF-8" and  "de_DE" not found. 
Thu, 13 Jun 2024 12:11:38 +0000 [ERROR] request="76ed36af313ef" component="TYPO3.CMS.Core.Localization.Locales": Locale "de_DE.UTF-8" and  "de_DE" not found. 
Thu, 13 Jun 2024 12:11:38 +0000 [ERROR] request="8faffa74c3f00" component="TYPO3.CMS.Core.Localization.Locales": Locale "de_DE.UTF-8" and  "de_DE" not found. 
Thu, 13 Jun 2024 12:11:38 +0000 [ERROR] request="b6d3142c6ce4b" component="TYPO3.CMS.Core.Localization.Locales": Locale "de_DE.UTF-8" and  "de_DE" not found. 
Thu, 13 Jun 2024 12:11:38 +0000 [ERROR] request="8874439770f3e" component="TYPO3.CMS.Core.Localization.Locales": Locale "de_DE.UTF-8" and  "de_DE" not found. 
Thu, 13 Jun 2024 12:11:38 +0000 [ERROR] request="012c379765703" component="TYPO3.CMS.Core.Localization.Locales": Locale "de_DE.UTF-8" and  "de_DE" not found. 
Thu, 13 Jun 2024 12:11:38 +0000 [ERROR] request="08fc96e7697ac" component="TYPO3.CMS.Core.Localization.Locales": Locale "de_DE.UTF-8" and  "de_DE" not found. 
Thu, 13 Jun 2024 12:11:38 +0000 [ERROR] request="ece37d3e7aa94" component="TYPO3.CMS.Core.Localization.Locales": Locale "de_DE.UTF-8" and  "de_DE" not found. 
Thu, 13 Jun 2024 12:11:38 +0000 [ERROR] request="8fd80299bc06d" component="TYPO3.CMS.Core.Localization.Locales": Locale "de_DE.UTF-8" and  "de_DE" not found. 
Thu, 13 Jun 2024 12:11:38 +0000 [ERROR] request="294445d47b21c" component="TYPO3.CMS.Core.Localization.Locales": Locale "da_DK.UTF-8" and  "da_DK" not found. 
Thu, 13 Jun 2024 12:11:38 +0000 [ERROR] request="c84b31a06cde2" component="TYPO3.CMS.Core.Localization.Locales": Locale "da_DK.UTF-8" and  "da_DK" not found. 
Thu, 13 Jun 2024 12:11:38 +0000 [ERROR] request="b3b314b45fa89" component="TYPO3.CMS.Core.Localization.Locales": Locale "da_DK.UTF-8" and  "da_DK" not found. 
Thu, 13 Jun 2024 12:11:38 +0000 [ERROR] request="03c97c02f2397" component="TYPO3.CMS.Core.Localization.Locales": Locale "da_DK.UTF-8" and  "da_DK" not found. 
Thu, 13 Jun 2024 12:11:38 +0000 [ERROR] request="d02319180c095" component="TYPO3.CMS.Core.Localization.Locales": Locale "da_DK.UTF-8" and  "da_DK" not found. 
Thu, 13 Jun 2024 12:11:38 +0000 [ERROR] request="07ecbda789095" component="TYPO3.CMS.Core.Localization.Locales": Locale "da_DK.UTF-8" and  "da_DK" not found. 
Thu, 13 Jun 2024 12:11:39 +0000 [ERROR] request="db05aa02e34ef" component="TYPO3.CMS.Core.Localization.Locales": Locale "de_DE.UTF-8" and  "de_DE" not found. 
Thu, 13 Jun 2024 12:11:39 +0000 [ERROR] request="f1336a3c7f1ea" component="TYPO3.CMS.Core.Localization.Locales": Locale "de_DE.UTF-8" and  "de_DE" not found. 
Thu, 13 Jun 2024 12:11:39 +0000 [ERROR] request="f7d774bcb4e9d" component="TYPO3.CMS.Core.Localization.Locales": Locale "de_DE.UTF-8" and  "de_DE" not found. 
Thu, 13 Jun 2024 12:11:39 +0000 [ERROR] request="fed685c25d0b4" component="TYPO3.CMS.Core.Localization.Locales": Locale "de_DE.UTF-8" and  "de_DE" not found. 
Thu, 13 Jun 2024 12:11:39 +0000 [ERROR] request="82c92a55174f0" component="TYPO3.CMS.Core.Localization.Locales": Locale "de_DE.UTF-8" and  "de_DE" not found. 
Thu, 13 Jun 2024 12:11:39 +0000 [ERROR] request="107fde403c0a9" component="TYPO3.CMS.Core.Localization.Locales": Locale "de_DE.UTF-8" and  "de_DE" not found. 
Thu, 13 Jun 2024 12:11:46 +0000 [ERROR] request="f1e6f24d53bf3" component="TYPO3.CMS.Core.Localization.Locales": Locale "de_DE.UTF-8" and  "de_DE" not found. 
Thu, 13 Jun 2024 12:11:46 +0000 [ERROR] request="7c574b0049090" component="TYPO3.CMS.Core.Localization.Locales": Locale "de_DE.UTF-8" and  "de_DE" not found. 
Thu, 13 Jun 2024 12:11:46 +0000 [ERROR] request="73a6a2feee78b" component="TYPO3.CMS.Core.Localization.Locales": Locale "de_DE.UTF-8" and  "de_DE" not found. 
Thu, 13 Jun 2024 12:11:46 +0000 [ERROR] request="b8551350a8254" component="TYPO3.CMS.Core.Localization.Locales": Locale "de_DE.UTF-8" and  "de_DE" not found. 
Thu, 13 Jun 2024 12:11:46 +0000 [ERROR] request="43103cdebea5d" component="TYPO3.CMS.Core.Localization.Locales": Locale "de_DE.UTF-8" and  "de_DE" not found. 
Thu, 13 Jun 2024 12:11:46 +0000 [ERROR] request="c992d365e6536" component="TYPO3.CMS.Core.Localization.Locales": Locale "de_DE.UTF-8" and  "de_DE" not found. 
Thu, 13 Jun 2024 12:11:46 +0000 [ERROR] request="bfa9a862825c1" component="TYPO3.CMS.Core.Localization.Locales": Locale "de_DE.UTF-8" and  "de_DE" not found. 
Thu, 13 Jun 2024 12:11:46 +0000 [ERROR] request="00b16ea91351a" component="TYPO3.CMS.Core.Localization.Locales": Locale "de_DE.UTF-8" and  "de_DE" not found. 
Thu, 13 Jun 2024 12:11:46 +0000 [ERROR] request="1599b10aae4d8" component="TYPO3.CMS.Core.Localization.Locales": Locale "de_DE.UTF-8" and  "de_DE" not found. 
Thu, 13 Jun 2024 12:11:46 +0000 [ERROR] request="4746b9cfcb678" component="TYPO3.CMS.Core.Localization.Locales": Locale "de_DE.UTF-8" and  "de_DE" not found. 
Thu, 13 Jun 2024 12:11:46 +0000 [ERROR] request="bab3bb70bf7c0" component="TYPO3.CMS.Core.Localization.Locales": Locale "de_DE.UTF-8" and  "de_DE" not found. 
Thu, 13 Jun 2024 12:11:46 +0000 [ERROR] request="597e0dc471e5f" component="TYPO3.CMS.Core.Localization.Locales": Locale "de_DE.UTF-8" and  "de_DE" not found. 
Thu, 13 Jun 2024 12:11:46 +0000 [ERROR] request="7ffd3e12962e8" component="TYPO3.CMS.Core.Localization.Locales": Locale "de_DE.UTF-8" and  "de_DE" not found. 
Thu, 13 Jun 2024 12:11:46 +0000 [ERROR] request="aaafc486f8db7" component="TYPO3.CMS.Core.Localization.Locales": Locale "de_DE.UTF-8" and  "de_DE" not found. 
Thu, 13 Jun 2024 12:11:46 +0000 [ERROR] request="1a804e83bf9a9" component="TYPO3.CMS.Core.Localization.Locales": Locale "de_DE.UTF-8" and  "de_DE" not found. 
Thu, 13 Jun 2024 12:11:46 +0000 [ERROR] request="19eeb54fff585" component="TYPO3.CMS.Core.Localization.Locales": Locale "de_DE.UTF-8" and  "de_DE" not found. 
Thu, 13 Jun 2024 12:11:46 +0000 [ERROR] request="2ae7099af57b1" component="TYPO3.CMS.Core.Localization.Locales": Locale "de_DE.UTF-8" and  "de_DE" not found. 
Thu, 13 Jun 2024 12:11:46 +0000 [ERROR] request="226bbc6c17ab8" component="TYPO3.CMS.Core.Localization.Locales": Locale "de_DE.UTF-8" and  "de_DE" not found. 
Thu, 13 Jun 2024 12:11:46 +0000 [ERROR] request="503fb79e3ff96" component="TYPO3.CMS.Core.Localization.Locales": Locale "de_DE.UTF-8" and  "de_DE" not found. 
Thu, 13 Jun 2024 12:11:46 +0000 [ERROR] request="82715b9b15bad" component="TYPO3.CMS.Core.Localization.Locales": Locale "de_DE.UTF-8" and  "de_DE" not found. 
Thu, 13 Jun 2024 12:11:46 +0000 [ERROR] request="b27fc09be274d" component="TYPO3.CMS.Core.Localization.Locales": Locale "de_DE.UTF-8" and  "de_DE" not found. 
Thu, 13 Jun 2024 12:11:47 +0000 [ERROR] request="fd26a65909d4c" component="TYPO3.CMS.Core.Localization.Locales": Locale "de_DE.UTF-8" and  "de_DE" not found. 
Thu, 13 Jun 2024 12:11:47 +0000 [ERROR] request="e06ff81793ce1" component="TYPO3.CMS.Core.Localization.Locales": Locale "de_DE.UTF-8" and  "de_DE" not found. 
Thu, 13 Jun 2024 12:11:47 +0000 [ERROR] request="089e26fa806a6" component="TYPO3.CMS.Core.Localization.Locales": Locale "de_DE.UTF-8" and  "de_DE" not found. 
Thu, 13 Jun 2024 12:11:47 +0000 [ERROR] request="a4b2a78c2a25c" component="TYPO3.CMS.Core.Localization.Locales": Locale "de_DE.UTF-8" and  "de_DE" not found. 
Thu, 13 Jun 2024 12:11:47 +0000 [ERROR] request="d76481c92f664" component="TYPO3.CMS.Core.Localization.Locales": Locale "de_DE.UTF-8" and  "de_DE" not found. 
Thu, 13 Jun 2024 12:11:47 +0000 [ERROR] request="b0757de07487d" component="TYPO3.CMS.Core.Localization.Locales": Locale "de_DE.UTF-8" and  "de_DE" not found. 
Thu, 13 Jun 2024 12:11:47 +0000 [ERROR] request="97c39c2d1f3ff" component="TYPO3.CMS.Core.Localization.Locales": Locale "de_DE.UTF-8" and  "de_DE" not found. 
Thu, 13 Jun 2024 12:11:47 +0000 [ERROR] request="c0015f3cbd06f" component="TYPO3.CMS.Core.Localization.Locales": Locale "de_DE.UTF-8" and  "de_DE" not found. 
Thu, 13 Jun 2024 12:11:47 +0000 [ERROR] request="9472264af01e8" component="TYPO3.CMS.Core.Localization.Locales": Locale "de_DE.UTF-8" and  "de_DE" not found. 
Thu, 13 Jun 2024 12:11:47 +0000 [ERROR] request="54c15622d2859" component="TYPO3.CMS.Core.Localization.Locales": Locale "de_DE.UTF-8" and  "de_DE" not found. 
Thu, 13 Jun 2024 12:11:47 +0000 [ERROR] request="88622954e126f" component="TYPO3.CMS.Core.Localization.Locales": Locale "de_DE.UTF-8" and  "de_DE" not found. 
Thu, 13 Jun 2024 12:11:47 +0000 [ERROR] request="2cb13b50892cf" component="TYPO3.CMS.Core.Localization.Locales": Locale "de_DE.UTF-8" and  "de_DE" not found. 
Thu, 13 Jun 2024 12:11:47 +0000 [ERROR] request="24b83c3d28dc0" component="TYPO3.CMS.Core.Localization.Locales": Locale "de_DE.UTF-8" and  "de_DE" not found. 
Thu, 13 Jun 2024 12:11:47 +0000 [ERROR] request="c4e8a88348a3e" component="TYPO3.CMS.Core.Localization.Locales": Locale "de_DE.UTF-8" and  "de_DE" not found. 
Thu, 13 Jun 2024 12:11:47 +0000 [ERROR] request="76644beb61fd3" component="TYPO3.CMS.Core.Localization.Locales": Locale "de_DE.UTF-8" and  "de_DE" not found. 
Thu, 13 Jun 2024 12:11:47 +0000 [ERROR] request="94688340ed49d" component="TYPO3.CMS.Core.Localization.Locales": Locale "de_DE.UTF-8" and  "de_DE" not found. 
Thu, 13 Jun 2024 12:11:47 +0000 [ERROR] request="4ed561422fbd7" component="TYPO3.CMS.Core.Localization.Locales": Locale "de_DE.UTF-8" and  "de_DE" not found. 
Thu, 13 Jun 2024 12:11:47 +0000 [ERROR] request="6eea29a421390" component="TYPO3.CMS.Core.Localization.Locales": Locale "de_DE.UTF-8" and  "de_DE" not found. 
Thu, 13 Jun 2024 12:11:47 +0000 [ERROR] request="db411bcb50552" component="TYPO3.CMS.Core.Localization.Locales": Locale "de_DE.UTF-8" and  "de_DE" not found. 
Thu, 13 Jun 2024 12:11:47 +0000 [ERROR] request="d6d40fa254e46" component="TYPO3.CMS.Core.Localization.Locales": Locale "de_DE.UTF-8" and  "de_DE" not found. 
Thu, 13 Jun 2024 12:11:47 +0000 [ERROR] request="fd82ca4a36f13" component="TYPO3.CMS.Core.Localization.Locales": Locale "de_DE.UTF-8" and  "de_DE" not found. 
Thu, 13 Jun 2024 12:11:47 +0000 [ERROR] request="ef4fb0f67c47c" component="TYPO3.CMS.Core.Localization.Locales": Locale "de_DE.UTF-8" and  "de_DE" not found. 
Thu, 13 Jun 2024 12:11:47 +0000 [ERROR] request="077856b3da576" component="TYPO3.CMS.Core.Localization.Locales": Locale "de_DE.UTF-8" and  "de_DE" not found. 
Thu, 13 Jun 2024 12:11:47 +0000 [ERROR] request="546d92db1134c" component="TYPO3.CMS.Core.Localization.Locales": Locale "de_DE.UTF-8" and  "de_DE" not found. 
Thu, 13 Jun 2024 12:11:47 +0000 [ERROR] request="23b18f766a9c0" component="TYPO3.CMS.Core.Localization.Locales": Locale "de_DE.UTF-8" and  "de_DE" not found. 
Thu, 13 Jun 2024 12:11:47 +0000 [ERROR] request="57ee2ff8b7222" component="TYPO3.CMS.Core.Localization.Locales": Locale "de_DE.UTF-8" and  "de_DE" not found. 
Thu, 13 Jun 2024 12:11:47 +0000 [ERROR] request="877a9abaf691d" component="TYPO3.CMS.Core.Localization.Locales": Locale "de_DE.UTF-8" and  "de_DE" not found. 
Thu, 13 Jun 2024 12:11:47 +0000 [ERROR] request="99fe74a4024a2" component="TYPO3.CMS.Core.Localization.Locales": Locale "de_DE.UTF-8" and  "de_DE" not found. 
Thu, 13 Jun 2024 12:11:47 +0000 [ERROR] request="3f50bfc93db3a" component="TYPO3.CMS.Core.Localization.Locales": Locale "de_DE.UTF-8" and  "de_DE" not found. 
Thu, 13 Jun 2024 12:11:47 +0000 [ERROR] request="df2ef6062636a" component="TYPO3.CMS.Core.Localization.Locales": Locale "de_DE.UTF-8" and  "de_DE" not found. 
Thu, 13 Jun 2024 12:11:47 +0000 [ERROR] request="e5baa90506498" component="TYPO3.CMS.Core.Localization.Locales": Locale "de_DE.UTF-8" and  "de_DE" not found. 
Thu, 13 Jun 2024 12:11:47 +0000 [ERROR] request="f181867695a57" component="TYPO3.CMS.Core.Localization.Locales": Locale "de_DE.UTF-8" and  "de_DE" not found. 
Thu, 13 Jun 2024 12:11:47 +0000 [ERROR] request="cdae146d3482f" component="TYPO3.CMS.Core.Localization.Locales": Locale "de_DE.UTF-8" and  "de_DE" not found. 
Thu, 13 Jun 2024 12:11:47 +0000 [ERROR] request="8bad2549b56aa" component="TYPO3.CMS.Core.Localization.Locales": Locale "de_DE.UTF-8" and  "de_DE" not found. 
Thu, 13 Jun 2024 12:11:47 +0000 [ERROR] request="64c94d40bfe92" component="TYPO3.CMS.Core.Localization.Locales": Locale "de_DE.UTF-8" and  "de_DE" not found. 
Thu, 13 Jun 2024 12:11:47 +0000 [ERROR] request="29c7ebcc6b1ab" component="TYPO3.CMS.Core.Localization.Locales": Locale "de_DE.UTF-8" and  "de_DE" not found. 
Thu, 13 Jun 2024 12:11:47 +0000 [ERROR] request="35a2d88f4f23e" component="TYPO3.CMS.Core.Localization.Locales": Locale "de_DE.UTF-8" and  "de_DE" not found. 
Thu, 13 Jun 2024 12:11:47 +0000 [ERROR] request="c2b50feff3f6b" component="TYPO3.CMS.Core.Localization.Locales": Locale "de_DE.UTF-8" and  "de_DE" not found. 
Thu, 13 Jun 2024 12:11:47 +0000 [ERROR] request="44aca55f3be93" component="TYPO3.CMS.Core.Localization.Locales": Locale "de_DE.UTF-8" and  "de_DE" not found. 
Thu, 13 Jun 2024 12:11:48 +0000 [ERROR] request="2e9c53a6794d2" component="TYPO3.CMS.Core.Localization.Locales": Locale "de_DE.UTF-8" and  "de_DE" not found. 
Thu, 13 Jun 2024 12:11:48 +0000 [ERROR] request="82fea3d178518" component="TYPO3.CMS.Core.Localization.Locales": Locale "de_DE.UTF-8" and  "de_DE" not found. 
Thu, 13 Jun 2024 12:11:48 +0000 [ERROR] request="18669051b77f7" component="TYPO3.CMS.Core.Localization.Locales": Locale "de_DE.UTF-8" and  "de_DE" not found. 
Thu, 13 Jun 2024 12:11:48 +0000 [ERROR] request="8bcee97981741" component="TYPO3.CMS.Core.Localization.Locales": Locale "de_DE.UTF-8" and  "de_DE" not found. 
Thu, 13 Jun 2024 12:11:48 +0000 [ERROR] request="77688f3942a04" component="TYPO3.CMS.Core.Localization.Locales": Locale "de_DE.UTF-8" and  "de_DE" not found. 
Thu, 13 Jun 2024 12:11:48 +0000 [ERROR] request="e7762e6699739" component="TYPO3.CMS.Core.Localization.Locales": Locale "de_DE.UTF-8" and  "de_DE" not found. 
Thu, 13 Jun 2024 12:11:48 +0000 [ERROR] request="adc8ac0d95c08" component="TYPO3.CMS.Core.Localization.Locales": Locale "de_DE.UTF-8" and  "de_DE" not found. 
Thu, 13 Jun 2024 12:11:48 +0000 [ERROR] request="2fd125bcb200c" component="TYPO3.CMS.Core.Localization.Locales": Locale "de_DE.UTF-8" and  "de_DE" not found. 
Thu, 13 Jun 2024 12:11:48 +0000 [ERROR] request="69b5997f269db" component="TYPO3.CMS.Core.Localization.Locales": Locale "de_DE.UTF-8" and  "de_DE" not found. 
Thu, 13 Jun 2024 12:11:48 +0000 [ERROR] request="81905c602e7f2" component="TYPO3.CMS.Core.Localization.Locales": Locale "de_DE.UTF-8" and  "de_DE" not found. 
Thu, 13 Jun 2024 12:11:48 +0000 [ERROR] request="73cdfeb92ffd0" component="TYPO3.CMS.Core.Localization.Locales": Locale "de_DE.UTF-8" and  "de_DE" not found. 
Thu, 13 Jun 2024 12:11:48 +0000 [ERROR] request="b3f404d254733" component="TYPO3.CMS.Core.Localization.Locales": Locale "de_DE.UTF-8" and  "de_DE" not found. 
Thu, 13 Jun 2024 12:11:48 +0000 [ERROR] request="3dca9db71d711" component="TYPO3.CMS.Core.Localization.Locales": Locale "de_DE.UTF-8" and  "de_DE" not found. 
Thu, 13 Jun 2024 12:11:48 +0000 [ERROR] request="47f5a960c641d" component="TYPO3.CMS.Core.Localization.Locales": Locale "de_DE.UTF-8" and  "de_DE" not found. 
Thu, 13 Jun 2024 12:11:48 +0000 [ERROR] request="5c61067791039" component="TYPO3.CMS.Core.Localization.Locales": Locale "de_DE.UTF-8" and  "de_DE" not found. 
Thu, 13 Jun 2024 12:11:48 +0000 [ERROR] request="8b4cc4d0d2aa4" component="TYPO3.CMS.Core.Localization.Locales": Locale "de_DE.UTF-8" and  "de_DE" not found. 
Thu, 13 Jun 2024 12:11:49 +0000 [ERROR] request="5ee4575574525" component="TYPO3.CMS.Core.Localization.Locales": Locale "de_DE.UTF-8" and  "de_DE" not found. 
Thu, 13 Jun 2024 12:11:49 +0000 [ERROR] request="dc92af54ef561" component="TYPO3.CMS.Core.Localization.Locales": Locale "de_DE.UTF-8" and  "de_DE" not found. 
Thu, 13 Jun 2024 12:11:49 +0000 [ERROR] request="63cec57812d14" component="TYPO3.CMS.Core.Localization.Locales": Locale "de_DE.UTF-8" and  "de_DE" not found. 
Thu, 13 Jun 2024 12:11:49 +0000 [ERROR] request="52f801df222de" component="TYPO3.CMS.Core.Localization.Locales": Locale "de_DE.UTF-8" and  "de_DE" not found. 
Thu, 13 Jun 2024 12:11:49 +0000 [ERROR] request="679f1671c33ca" component="TYPO3.CMS.Core.Localization.Locales": Locale "de_DE.UTF-8" and  "de_DE" not found. 
Thu, 13 Jun 2024 12:11:49 +0000 [ERROR] request="c8e2c74e5be99" component="TYPO3.CMS.Core.Localization.Locales": Locale "de_DE.UTF-8" and  "de_DE" not found. 
Thu, 13 Jun 2024 12:11:49 +0000 [ERROR] request="9541ae4ab3e40" component="TYPO3.CMS.Core.Localization.Locales": Locale "de_DE.UTF-8" and  "de_DE" not found. 
Thu, 13 Jun 2024 12:11:49 +0000 [ERROR] request="6c3ec17922226" component="TYPO3.CMS.Core.Localization.Locales": Locale "de_DE.UTF-8" and  "de_DE" not found. 
Thu, 13 Jun 2024 12:11:49 +0000 [ERROR] request="c1d308d65a23f" component="TYPO3.CMS.Core.Localization.Locales": Locale "de_DE.UTF-8" and  "de_DE" not found. 
Thu, 13 Jun 2024 12:11:49 +0000 [ERROR] request="db7178185d59a" component="TYPO3.CMS.Core.Localization.Locales": Locale "de_DE.UTF-8" and  "de_DE" not found. 
Thu, 13 Jun 2024 12:11:49 +0000 [ERROR] request="375fa4af6313d" component="TYPO3.CMS.Core.Localization.Locales": Locale "de_DE.UTF-8" and  "de_DE" not found. 
Thu, 13 Jun 2024 12:11:49 +0000 [ERROR] request="ed4f3e8389bf9" component="TYPO3.CMS.Core.Localization.Locales": Locale "de_DE.UTF-8" and  "de_DE" not found. 
Thu, 13 Jun 2024 12:11:49 +0000 [ERROR] request="752c884c1f7d8" component="TYPO3.CMS.Core.Localization.Locales": Locale "de_DE.UTF-8" and  "de_DE" not found. 
Thu, 13 Jun 2024 12:11:49 +0000 [ERROR] request="8471b06ba021f" component="TYPO3.CMS.Core.Localization.Locales": Locale "de_DE.UTF-8" and  "de_DE" not found. 
Thu, 13 Jun 2024 12:11:49 +0000 [ERROR] request="141c071aa38c8" component="TYPO3.CMS.Core.Localization.Locales": Locale "de_DE.UTF-8" and  "de_DE" not found. 
Thu, 13 Jun 2024 12:11:49 +0000 [ERROR] request="47301d247c0bf" component="TYPO3.CMS.Core.Localization.Locales": Locale "de_DE.UTF-8" and  "de_DE" not found. 
Thu, 13 Jun 2024 12:11:49 +0000 [ERROR] request="e4c4b7e5a0ad3" component="TYPO3.CMS.Core.Localization.Locales": Locale "de_DE.UTF-8" and  "de_DE" not found. 
Thu, 13 Jun 2024 12:11:49 +0000 [ERROR] request="e6ea6288baa2f" component="TYPO3.CMS.Core.Localization.Locales": Locale "de_DE.UTF-8" and  "de_DE" not found. 
Thu, 13 Jun 2024 12:11:49 +0000 [ERROR] request="1aadbd17d0566" component="TYPO3.CMS.Core.Localization.Locales": Locale "de_DE.UTF-8" and  "de_DE" not found. 
Thu, 13 Jun 2024 12:11:49 +0000 [ERROR] request="dc1c220aba98e" component="TYPO3.CMS.Core.Localization.Locales": Locale "de_DE.UTF-8" and  "de_DE" not found. 
Thu, 13 Jun 2024 12:11:49 +0000 [ERROR] request="c5499a2ea55e5" component="TYPO3.CMS.Core.Localization.Locales": Locale "de_DE.UTF-8" and  "de_DE" not found. 
Thu, 13 Jun 2024 12:11:49 +0000 [ERROR] request="52d3f40c160ea" component="TYPO3.CMS.Core.Localization.Locales": Locale "de_DE.UTF-8" and  "de_DE" not found. 
Thu, 13 Jun 2024 12:11:49 +0000 [ERROR] request="9c275f8a6c1e4" component="TYPO3.CMS.Core.Localization.Locales": Locale "de_DE.UTF-8" and  "de_DE" not found. 
Thu, 13 Jun 2024 12:11:49 +0000 [ERROR] request="25d4dabde92f4" component="TYPO3.CMS.Core.Localization.Locales": Locale "de_DE.UTF-8" and  "de_DE" not found. 
Thu, 13 Jun 2024 12:11:49 +0000 [ERROR] request="755b5b948951e" component="TYPO3.CMS.Core.Localization.Locales": Locale "de_DE.UTF-8" and  "de_DE" not found. 
Thu, 13 Jun 2024 12:11:49 +0000 [ERROR] request="12d42a8e52a84" component="TYPO3.CMS.Core.Localization.Locales": Locale "de_DE.UTF-8" and  "de_DE" not found. 
Thu, 13 Jun 2024 12:11:49 +0000 [ERROR] request="f6b1f3eb8f3c0" component="TYPO3.CMS.Core.Localization.Locales": Locale "de_DE.UTF-8" and  "de_DE" not found. 
Thu, 13 Jun 2024 12:11:49 +0000 [ERROR] request="0bbf3607df24f" component="TYPO3.CMS.Core.Localization.Locales": Locale "de_DE.UTF-8" and  "de_DE" not found. 
Thu, 13 Jun 2024 12:11:49 +0000 [ERROR] request="e280df9c7bac5" component="TYPO3.CMS.Core.Localization.Locales": Locale "de_DE.UTF-8" and  "de_DE" not found. 
Thu, 13 Jun 2024 12:11:49 +0000 [ERROR] request="c2ab4864083d6" component="TYPO3.CMS.Core.Localization.Locales": Locale "de_DE.UTF-8" and  "de_DE" not found. 
Thu, 13 Jun 2024 12:11:49 +0000 [ERROR] request="d929e34e1b986" component="TYPO3.CMS.Core.Localization.Locales": Locale "de_DE.UTF-8" and  "de_DE" not found. 
Thu, 13 Jun 2024 12:11:49 +0000 [ERROR] request="7a7e0a7a3a403" component="TYPO3.CMS.Core.Localization.Locales": Locale "de_DE.UTF-8" and  "de_DE" not found. 
Thu, 13 Jun 2024 12:11:49 +0000 [ERROR] request="81cabc01fc6a8" component="TYPO3.CMS.Core.Localization.Locales": Locale "de_DE.UTF-8" and  "de_DE" not found. 
Thu, 13 Jun 2024 12:11:49 +0000 [ERROR] request="9f9e46a6e37da" component="TYPO3.CMS.Core.Localization.Locales": Locale "de_DE.UTF-8" and  "de_DE" not found. 
Thu, 13 Jun 2024 12:11:49 +0000 [ERROR] request="9a59f9673ae4e" component="TYPO3.CMS.Core.Localization.Locales": Locale "de_DE.UTF-8" and  "de_DE" not found. 
Thu, 13 Jun 2024 12:11:49 +0000 [ERROR] request="3b027a3df8fed" component="TYPO3.CMS.Core.Localization.Locales": Locale "de_DE.UTF-8" and  "de_DE" not found. 
Thu, 13 Jun 2024 12:11:49 +0000 [ERROR] request="fba5c5ac28ba6" component="TYPO3.CMS.Core.Localization.Locales": Locale "de_DE.UTF-8" and  "de_DE" not found. 
Thu, 13 Jun 2024 12:11:49 +0000 [ERROR] request="b079d4f608591" component="TYPO3.CMS.Core.Localization.Locales": Locale "de_DE.UTF-8" and  "de_DE" not found. 
Thu, 13 Jun 2024 12:11:49 +0000 [ERROR] request="b6fce4f99ac2a" component="TYPO3.CMS.Core.Localization.Locales": Locale "de_DE.UTF-8" and  "de_DE" not found. 
Thu, 13 Jun 2024 12:11:49 +0000 [ERROR] request="792d01b02fc83" component="TYPO3.CMS.Core.Localization.Locales": Locale "de_DE.UTF-8" and  "de_DE" not found. 
Thu, 13 Jun 2024 12:11:49 +0000 [ERROR] request="f204f7d631441" component="TYPO3.CMS.Core.Localization.Locales": Locale "de_DE.UTF-8" and  "de_DE" not found. 
Thu, 13 Jun 2024 12:11:49 +0000 [ERROR] request="15ed62b252ac8" component="TYPO3.CMS.Core.Localization.Locales": Locale "de_DE.UTF-8" and  "de_DE" not found. 
Thu, 13 Jun 2024 12:11:49 +0000 [ERROR] request="cb6e5b223257c" component="TYPO3.CMS.Core.Localization.Locales": Locale "de_DE.UTF-8" and  "de_DE" not found. 
Thu, 13 Jun 2024 12:11:49 +0000 [ERROR] request="4675b30471e83" component="TYPO3.CMS.Core.Localization.Locales": Locale "de_DE.UTF-8" and  "de_DE" not found. 
Thu, 13 Jun 2024 12:11:49 +0000 [ERROR] request="88c83c76fddb7" component="TYPO3.CMS.Core.Localization.Locales": Locale "de_DE.UTF-8" and  "de_DE" not found. 
Thu, 13 Jun 2024 12:11:49 +0000 [ERROR] request="6d6377d7b8d03" component="TYPO3.CMS.Core.Localization.Locales": Locale "de_DE.UTF-8" and  "de_DE" not found. 
Thu, 13 Jun 2024 12:11:49 +0000 [ERROR] request="f55a1dcb84302" component="TYPO3.CMS.Core.Localization.Locales": Locale "de_DE.UTF-8" and  "de_DE" not found. 
Thu, 13 Jun 2024 12:11:49 +0000 [ERROR] request="a798fb78edeca" component="TYPO3.CMS.Core.Localization.Locales": Locale "de_DE.UTF-8" and  "de_DE" not found. 
Thu, 13 Jun 2024 12:11:49 +0000 [ERROR] request="3fe2920d81fce" component="TYPO3.CMS.Core.Localization.Locales": Locale "de_DE.UTF-8" and  "de_DE" not found. 
Thu, 13 Jun 2024 12:11:49 +0000 [ERROR] request="3f29725ee34f3" component="TYPO3.CMS.Core.Localization.Locales": Locale "de_DE.UTF-8" and  "de_DE" not found. 
Thu, 13 Jun 2024 12:11:49 +0000 [ERROR] request="5eb9ac307fb3e" component="TYPO3.CMS.Core.Localization.Locales": Locale "de_DE.UTF-8" and  "de_DE" not found. 
Thu, 13 Jun 2024 12:11:49 +0000 [ERROR] request="317e47ceb1639" component="TYPO3.CMS.Core.Localization.Locales": Locale "de_DE.UTF-8" and  "de_DE" not found. 
Thu, 13 Jun 2024 12:11:49 +0000 [ERROR] request="79c718646aa6e" component="TYPO3.CMS.Core.Localization.Locales": Locale "de_DE.UTF-8" and  "de_DE" not found. 
Thu, 13 Jun 2024 12:11:49 +0000 [ERROR] request="a7c4965a4ae55" component="TYPO3.CMS.Core.Localization.Locales": Locale "de_DE.UTF-8" and  "de_DE" not found. 
Thu, 13 Jun 2024 12:11:49 +0000 [ERROR] request="0dd06e65a677a" component="TYPO3.CMS.Core.Localization.Locales": Locale "de_DE.UTF-8" and  "de_DE" not found. 
Thu, 13 Jun 2024 12:11:49 +0000 [ERROR] request="c4c24078e53a3" component="TYPO3.CMS.Core.Localization.Locales": Locale "de_DE.UTF-8" and  "de_DE" not found. 
Thu, 13 Jun 2024 12:11:49 +0000 [ERROR] request="4277b71b6fb79" component="TYPO3.CMS.Core.Localization.Locales": Locale "de_DE.UTF-8" and  "de_DE" not found. 
Thu, 13 Jun 2024 12:11:49 +0000 [ERROR] request="1b43424aa06f5" component="TYPO3.CMS.Core.Localization.Locales": Locale "de_DE.UTF-8" and  "de_DE" not found. 
Thu, 13 Jun 2024 12:11:49 +0000 [ERROR] request="9604d95ef2bbc" component="TYPO3.CMS.Core.Localization.Locales": Locale "de_DE.UTF-8" and  "de_DE" not found. 
Thu, 13 Jun 2024 12:11:49 +0000 [ERROR] request="51e5260a99db9" component="TYPO3.CMS.Core.Localization.Locales": Locale "de_DE.UTF-8" and  "de_DE" not found. 
Thu, 13 Jun 2024 12:11:49 +0000 [ERROR] request="2013888233491" component="TYPO3.CMS.Core.Localization.Locales": Locale "de_DE.UTF-8" and  "de_DE" not found. 
Thu, 13 Jun 2024 12:11:49 +0000 [ERROR] request="d3f41c7f5bc48" component="TYPO3.CMS.Core.Localization.Locales": Locale "de_DE.UTF-8" and  "de_DE" not found. 
Thu, 13 Jun 2024 12:11:49 +0000 [ERROR] request="f8944851f3941" component="TYPO3.CMS.Core.Localization.Locales": Locale "de_DE.UTF-8" and  "de_DE" not found. 
Thu, 13 Jun 2024 12:11:49 +0000 [ERROR] request="67dd41327d534" component="TYPO3.CMS.Core.Localization.Locales": Locale "de_DE.UTF-8" and  "de_DE" not found. 
Thu, 13 Jun 2024 12:11:49 +0000 [ERROR] request="3ad0878da72b3" component="TYPO3.CMS.Core.Localization.Locales": Locale "de_DE.UTF-8" and  "de_DE" not found. 
Thu, 13 Jun 2024 12:11:49 +0000 [ERROR] request="ff3184ce3ed86" component="TYPO3.CMS.Core.Localization.Locales": Locale "de_DE.UTF-8" and  "de_DE" not found. 
Thu, 13 Jun 2024 12:11:49 +0000 [ERROR] request="9e874c0f08fda" component="TYPO3.CMS.Core.Localization.Locales": Locale "de_DE.UTF-8" and  "de_DE" not found. 
Thu, 13 Jun 2024 12:11:49 +0000 [ERROR] request="dc4e338a8e9db" component="TYPO3.CMS.Core.Localization.Locales": Locale "de_DE.UTF-8" and  "de_DE" not found. 
Thu, 13 Jun 2024 12:11:50 +0000 [ERROR] request="718901a94ae5f" component="TYPO3.CMS.Core.Localization.Locales": Locale "da_DK.UTF-8" and  "da_DK" not found. 
Thu, 13 Jun 2024 12:11:50 +0000 [ERROR] request="8bdd30ae2f5db" component="TYPO3.CMS.Core.Localization.Locales": Locale "da_DK.UTF-8" and  "da_DK" not found. 
Thu, 13 Jun 2024 12:11:50 +0000 [ERROR] request="64efc753316c2" component="TYPO3.CMS.Core.Localization.Locales": Locale "da_DK.UTF-8" and  "da_DK" not found. 
Thu, 13 Jun 2024 12:11:50 +0000 [ERROR] request="9cf21e1197873" component="TYPO3.CMS.Core.Localization.Locales": Locale "da_DK.UTF-8" and  "da_DK" not found. 
Thu, 13 Jun 2024 12:11:50 +0000 [ERROR] request="a9ae34eb9b723" component="TYPO3.CMS.Core.Localization.Locales": Locale "da_DK.UTF-8" and  "da_DK" not found. 
Thu, 13 Jun 2024 12:11:50 +0000 [ERROR] request="6658cc46e3489" component="TYPO3.CMS.Core.Localization.Locales": Locale "da_DK.UTF-8" and  "da_DK" not found. 
Thu, 13 Jun 2024 12:11:50 +0000 [ERROR] request="7acafac4e4d16" component="TYPO3.CMS.Core.Localization.Locales": Locale "da_DK.UTF-8" and  "da_DK" not found. 
Thu, 13 Jun 2024 12:11:50 +0000 [ERROR] request="26a8858df4263" component="TYPO3.CMS.Core.Localization.Locales": Locale "da_DK.UTF-8" and  "da_DK" not found. 
Thu, 13 Jun 2024 12:11:50 +0000 [ERROR] request="b8ed45d9da2a6" component="TYPO3.CMS.Core.Localization.Locales": Locale "da_DK.UTF-8" and  "da_DK" not found. 
Thu, 13 Jun 2024 12:11:50 +0000 [ERROR] request="dc2b244d5e28e" component="TYPO3.CMS.Core.Localization.Locales": Locale "da_DK.UTF-8" and  "da_DK" not found. 
Thu, 13 Jun 2024 12:11:50 +0000 [ERROR] request="9398f6fa30f46" component="TYPO3.CMS.Core.Localization.Locales": Locale "da_DK.UTF-8" and  "da_DK" not found. 
Thu, 13 Jun 2024 12:11:50 +0000 [ERROR] request="6ddccc4eb94a4" component="TYPO3.CMS.Core.Localization.Locales": Locale "da_DK.UTF-8" and  "da_DK" not found. 
Thu, 13 Jun 2024 12:11:50 +0000 [ERROR] request="8875d84310d6b" component="TYPO3.CMS.Core.Localization.Locales": Locale "da_DK.UTF-8" and  "da_DK" not found. 
Thu, 13 Jun 2024 12:11:50 +0000 [ERROR] request="0e1612052b13f" component="TYPO3.CMS.Core.Localization.Locales": Locale "da_DK.UTF-8" and  "da_DK" not found. 
Thu, 13 Jun 2024 12:11:50 +0000 [ERROR] request="c456919220a0a" component="TYPO3.CMS.Core.Localization.Locales": Locale "da_DK.UTF-8" and  "da_DK" not found. 
Thu, 13 Jun 2024 12:11:50 +0000 [ERROR] request="5dff4529ea4b2" component="TYPO3.CMS.Core.Localization.Locales": Locale "da_DK.UTF-8" and  "da_DK" not found. 
Thu, 13 Jun 2024 12:11:50 +0000 [ERROR] request="86d5d5f3851bb" component="TYPO3.CMS.Core.Localization.Locales": Locale "da_DK.UTF-8" and  "da_DK" not found. 
Thu, 13 Jun 2024 12:11:50 +0000 [ERROR] request="a1cb945ad8b17" component="TYPO3.CMS.Core.Localization.Locales": Locale "da_DK.UTF-8" and  "da_DK" not found. 
Thu, 13 Jun 2024 12:11:50 +0000 [ERROR] request="4a03a38e2b5da" component="TYPO3.CMS.Core.Localization.Locales": Locale "da_DK.UTF-8" and  "da_DK" not found. 
Thu, 13 Jun 2024 12:11:50 +0000 [ERROR] request="22b5fae837def" component="TYPO3.CMS.Core.Localization.Locales": Locale "da_DK.UTF-8" and  "da_DK" not found. 
Thu, 13 Jun 2024 12:11:50 +0000 [ERROR] request="1428373c37cdd" component="TYPO3.CMS.Core.Localization.Locales": Locale "da_DK.UTF-8" and  "da_DK" not found. 
Thu, 13 Jun 2024 12:11:50 +0000 [ERROR] request="0f27904039748" component="TYPO3.CMS.Core.Localization.Locales": Locale "da_DK.UTF-8" and  "da_DK" not found. 
Thu, 13 Jun 2024 12:11:50 +0000 [ERROR] request="9899391f0e67f" component="TYPO3.CMS.Core.Localization.Locales": Locale "da_DK.UTF-8" and  "da_DK" not found. 
Thu, 13 Jun 2024 12:11:50 +0000 [ERROR] request="a0a554e3591bf" component="TYPO3.CMS.Core.Localization.Locales": Locale "da_DK.UTF-8" and  "da_DK" not found. 
Thu, 13 Jun 2024 12:11:50 +0000 [ERROR] request="6469e67c8bd3d" component="TYPO3.CMS.Core.Localization.Locales": Locale "de_DE.UTF-8" and  "de_DE" not found. 
Thu, 13 Jun 2024 12:11:50 +0000 [ERROR] request="7706b7342cb8b" component="TYPO3.CMS.Core.Localization.Locales": Locale "de_DE.UTF-8" and  "de_DE" not found. 
Thu, 13 Jun 2024 12:11:50 +0000 [ERROR] request="d40ac7fdb8408" component="TYPO3.CMS.Core.Localization.Locales": Locale "de_DE.UTF-8" and  "de_DE" not found. 
Thu, 13 Jun 2024 12:11:50 +0000 [ERROR] request="e00ccd1692802" component="TYPO3.CMS.Core.Localization.Locales": Locale "de_DE.UTF-8" and  "de_DE" not found. 
Thu, 13 Jun 2024 12:11:50 +0000 [ERROR] request="a8a6de776baac" component="TYPO3.CMS.Core.Localization.Locales": Locale "de_DE.UTF-8" and  "de_DE" not found. 
Thu, 13 Jun 2024 12:11:50 +0000 [ERROR] request="9ee82983d5c95" component="TYPO3.CMS.Core.Localization.Locales": Locale "de_DE.UTF-8" and  "de_DE" not found. 
Thu, 13 Jun 2024 12:11:50 +0000 [ERROR] request="b11cae30f0a0d" component="TYPO3.CMS.Core.Localization.Locales": Locale "de_DE.UTF-8" and  "de_DE" not found. 
Thu, 13 Jun 2024 12:11:50 +0000 [ERROR] request="77ec52246bd07" component="TYPO3.CMS.Core.Localization.Locales": Locale "de_DE.UTF-8" and  "de_DE" not found. 
Thu, 13 Jun 2024 12:11:50 +0000 [ERROR] request="7b99f891b5599" component="TYPO3.CMS.Core.Localization.Locales": Locale "de_DE.UTF-8" and  "de_DE" not found. 
Thu, 13 Jun 2024 12:11:50 +0000 [ERROR] request="4a141ff02bf48" component="TYPO3.CMS.Core.Localization.Locales": Locale "de_DE.UTF-8" and  "de_DE" not found. 
Thu, 13 Jun 2024 12:11:50 +0000 [ERROR] request="93cc64362f198" component="TYPO3.CMS.Core.Localization.Locales": Locale "de_DE.UTF-8" and  "de_DE" not found. 
Thu, 13 Jun 2024 12:11:50 +0000 [ERROR] request="b8718677da799" component="TYPO3.CMS.Core.Localization.Locales": Locale "de_DE.UTF-8" and  "de_DE" not found. 
Thu, 13 Jun 2024 12:11:51 +0000 [ERROR] request="97eb8e63eb58e" component="TYPO3.CMS.Core.Localization.Locales": Locale "de_DE.UTF-8" and  "de_DE" not found. 
Thu, 13 Jun 2024 12:11:51 +0000 [ERROR] request="8d943382b5c17" component="TYPO3.CMS.Core.Localization.Locales": Locale "de_DE.UTF-8" and  "de_DE" not found. 
Thu, 13 Jun 2024 12:11:51 +0000 [ERROR] request="6e9eead1c8cd8" component="TYPO3.CMS.Core.Localization.Locales": Locale "de_DE.UTF-8" and  "de_DE" not found. 
Thu, 13 Jun 2024 12:11:51 +0000 [ERROR] request="46e7bba3a6690" component="TYPO3.CMS.Core.Localization.Locales": Locale "de_DE.UTF-8" and  "de_DE" not found. 
Thu, 13 Jun 2024 12:11:51 +0000 [ERROR] request="2742e758cb56a" component="TYPO3.CMS.Core.Localization.Locales": Locale "de_DE.UTF-8" and  "de_DE" not found. 
Thu, 13 Jun 2024 12:11:51 +0000 [ERROR] request="9064e215cbc3a" component="TYPO3.CMS.Core.Localization.Locales": Locale "de_DE.UTF-8" and  "de_DE" not found. 
Thu, 13 Jun 2024 12:11:51 +0000 [ERROR] request="28a9e453d5ff2" component="TYPO3.CMS.Core.Localization.Locales": Locale "de_DE.UTF-8" and  "de_DE" not found. 
Thu, 13 Jun 2024 12:11:51 +0000 [ERROR] request="7f4be9902d308" component="TYPO3.CMS.Core.Localization.Locales": Locale "de_DE.UTF-8" and  "de_DE" not found. 
Thu, 13 Jun 2024 12:11:51 +0000 [ERROR] request="02eafc3be67a3" component="TYPO3.CMS.Core.Localization.Locales": Locale "de_DE.UTF-8" and  "de_DE" not found. 
Thu, 13 Jun 2024 12:11:51 +0000 [ERROR] request="7db58be7f1cd1" component="TYPO3.CMS.Core.Localization.Locales": Locale "de_DE.UTF-8" and  "de_DE" not found. 
Thu, 13 Jun 2024 12:11:51 +0000 [ERROR] request="50961ac982d28" component="TYPO3.CMS.Core.Localization.Locales": Locale "de_DE.UTF-8" and  "de_DE" not found. 
Thu, 13 Jun 2024 12:11:51 +0000 [ERROR] request="5eabe90335424" component="TYPO3.CMS.Core.Localization.Locales": Locale "de_DE.UTF-8" and  "de_DE" not found. 
Thu, 13 Jun 2024 12:13:50 +0000 [ERROR] request="f04cde8ad2d25" component="TYPO3.CMS.Core.Localization.Locales": Locale "de_DE.UTF-8" and  "de_DE" not found. 
Thu, 13 Jun 2024 12:13:50 +0000 [ERROR] request="57cedfab9259c" component="TYPO3.CMS.Core.Localization.Locales": Locale "de_DE.UTF-8" and  "de_DE" not found. 
Thu, 13 Jun 2024 12:13:50 +0000 [ERROR] request="a9d71b41a8a36" component="TYPO3.CMS.Core.Localization.Locales": Locale "de_DE.UTF-8" and  "de_DE" not found. 
Thu, 13 Jun 2024 12:13:50 +0000 [ERROR] request="a0ecc6da2539f" component="TYPO3.CMS.Core.Localization.Locales": Locale "de_DE.UTF-8" and  "de_DE" not found. 
Thu, 13 Jun 2024 12:13:50 +0000 [ERROR] request="221469294f263" component="TYPO3.CMS.Core.Localization.Locales": Locale "de_DE.UTF-8" and  "de_DE" not found. 
Thu, 13 Jun 2024 12:13:50 +0000 [ERROR] request="614058033d2ae" component="TYPO3.CMS.Core.Localization.Locales": Locale "de_DE.UTF-8" and  "de_DE" not found. 
Thu, 13 Jun 2024 12:13:50 +0000 [ERROR] request="e5961625dc075" component="TYPO3.CMS.Core.Localization.Locales": Locale "de_DE.UTF-8" and  "de_DE" not found. 
Thu, 13 Jun 2024 12:13:50 +0000 [ERROR] request="6c22c81246d78" component="TYPO3.CMS.Core.Localization.Locales": Locale "de_DE.UTF-8" and  "de_DE" not found. 
Thu, 13 Jun 2024 12:13:50 +0000 [ERROR] request="e3cb754c9942f" component="TYPO3.CMS.Core.Localization.Locales": Locale "de_DE.UTF-8" and  "de_DE" not found. 
Thu, 13 Jun 2024 12:13:50 +0000 [ERROR] request="5a1975b88d77d" component="TYPO3.CMS.Core.Localization.Locales": Locale "de_DE.UTF-8" and  "de_DE" not found. 
Thu, 13 Jun 2024 12:13:50 +0000 [ERROR] request="a538fdaed738a" component="TYPO3.CMS.Core.Localization.Locales": Locale "de_DE.UTF-8" and  "de_DE" not found. 
Thu, 13 Jun 2024 12:13:50 +0000 [ERROR] request="1d3858eddec13" component="TYPO3.CMS.Core.Localization.Locales": Locale "de_DE.UTF-8" and  "de_DE" not found. 
Thu, 13 Jun 2024 12:13:50 +0000 [ERROR] request="5ffc62fe15206" component="TYPO3.CMS.Core.Localization.Locales": Locale "de_DE.UTF-8" and  "de_DE" not found. 
Thu, 13 Jun 2024 12:13:50 +0000 [ERROR] request="abbd6c1968ce5" component="TYPO3.CMS.Core.Localization.Locales": Locale "de_DE.UTF-8" and  "de_DE" not found. 
Thu, 13 Jun 2024 12:13:50 +0000 [ERROR] request="c879fcd71877d" component="TYPO3.CMS.Core.Localization.Locales": Locale "de_DE.UTF-8" and  "de_DE" not found. 
Thu, 13 Jun 2024 12:13:50 +0000 [ERROR] request="8bb197053fbed" component="TYPO3.CMS.Core.Localization.Locales": Locale "de_DE.UTF-8" and  "de_DE" not found. 
Thu, 13 Jun 2024 12:13:50 +0000 [ERROR] request="1a2fd266108df" component="TYPO3.CMS.Core.Localization.Locales": Locale "de_DE.UTF-8" and  "de_DE" not found. 
Thu, 13 Jun 2024 12:13:50 +0000 [ERROR] request="e470600121c3e" component="TYPO3.CMS.Core.Localization.Locales": Locale "de_DE.UTF-8" and  "de_DE" not found. 
Thu, 13 Jun 2024 12:13:50 +0000 [ERROR] request="f72cae8c11320" component="TYPO3.CMS.Core.Localization.Locales": Locale "de_DE.UTF-8" and  "de_DE" not found. 
Thu, 13 Jun 2024 12:13:50 +0000 [ERROR] request="552ea2fcc3097" component="TYPO3.CMS.Core.Localization.Locales": Locale "de_DE.UTF-8" and  "de_DE" not found. 
Thu, 13 Jun 2024 12:13:51 +0000 [ERROR] request="68002477cc649" component="TYPO3.CMS.Core.Localization.Locales": Locale "de_DE.UTF-8" and  "de_DE" not found. 
Thu, 13 Jun 2024 12:13:51 +0000 [ERROR] request="47714d11288de" component="TYPO3.CMS.Core.Localization.Locales": Locale "de_DE.UTF-8" and  "de_DE" not found. 
Thu, 13 Jun 2024 12:13:51 +0000 [ERROR] request="ae181e1cb259c" component="TYPO3.CMS.Core.Localization.Locales": Locale "de_DE.UTF-8" and  "de_DE" not found. 
Thu, 13 Jun 2024 12:13:51 +0000 [ERROR] request="cbb86c70b6c06" component="TYPO3.CMS.Core.Localization.Locales": Locale "de_DE.UTF-8" and  "de_DE" not found. 
Thu, 13 Jun 2024 12:13:51 +0000 [ERROR] request="9d5f4e22d5182" component="TYPO3.CMS.Core.Localization.Locales": Locale "da_DK.UTF-8" and  "da_DK" not found. 
Thu, 13 Jun 2024 12:13:51 +0000 [ERROR] request="0082b9aff4490" component="TYPO3.CMS.Core.Localization.Locales": Locale "da_DK.UTF-8" and  "da_DK" not found. 
Thu, 13 Jun 2024 12:13:51 +0000 [ERROR] request="7b228ca65d21a" component="TYPO3.CMS.Core.Localization.Locales": Locale "da_DK.UTF-8" and  "da_DK" not found. 
Thu, 13 Jun 2024 12:13:51 +0000 [ERROR] request="1cf9e492bcd29" component="TYPO3.CMS.Core.Localization.Locales": Locale "da_DK.UTF-8" and  "da_DK" not found. 
Thu, 13 Jun 2024 12:13:51 +0000 [ERROR] request="22f552d74c10e" component="TYPO3.CMS.Core.Localization.Locales": Locale "de_DE.UTF-8" and  "de_DE" not found. 
Thu, 13 Jun 2024 12:13:51 +0000 [ERROR] request="ea683ff6eefae" component="TYPO3.CMS.Core.Localization.Locales": Locale "de_DE.UTF-8" and  "de_DE" not found. 
Thu, 13 Jun 2024 12:13:51 +0000 [ERROR] request="c42085bf41ee9" component="TYPO3.CMS.Core.Localization.Locales": Locale "de_DE.UTF-8" and  "de_DE" not found. 
Thu, 13 Jun 2024 12:13:51 +0000 [ERROR] request="d9ecffe62c348" component="TYPO3.CMS.Core.Localization.Locales": Locale "de_DE.UTF-8" and  "de_DE" not found. 
Thu, 13 Jun 2024 15:29:12 +0000 [WARNING] request="e6f50a243f9d6" component="TYPO3.CMS.Core.Type.File.ImageInfo": I could not retrieve the image size for file /var/customers/webs/wi1cm/team10/typo3temp/var/transient/preview_1167785340894883311.jpg - {"file":"/var/customers/webs/wi1cm/team10/typo3temp/var/transient/preview_1167785340894883311.jpg"}
Thu, 13 Jun 2024 15:30:04 +0000 [WARNING] request="1df872eef7c17" component="TYPO3.CMS.Core.Type.File.ImageInfo": I could not retrieve the image size for file /var/customers/webs/wi1cm/team10/typo3temp/var/transient/preview_5544231214685555883.jpg - {"file":"/var/customers/webs/wi1cm/team10/typo3temp/var/transient/preview_5544231214685555883.jpg"}
Thu, 13 Jun 2024 16:15:19 +0000 [WARNING] request="2cc52aec7e234" component="TYPO3.CMS.Core.Type.File.ImageInfo": I could not retrieve the image size for file /var/customers/webs/wi1cm/team10/typo3temp/var/transient/preview_2356939238283135871.png - {"file":"/var/customers/webs/wi1cm/team10/typo3temp/var/transient/preview_2356939238283135871.png"}
Thu, 13 Jun 2024 16:45:00 +0000 [WARNING] request="7549121ff9992" component="TYPO3.CMS.Core.Type.File.ImageInfo": I could not retrieve the image size for file /var/customers/webs/wi1cm/team10/typo3temp/var/transient/preview_5577027432185363063.jpg - {"file":"/var/customers/webs/wi1cm/team10/typo3temp/var/transient/preview_5577027432185363063.jpg"}
Thu, 13 Jun 2024 16:50:15 +0000 [WARNING] request="cc196c1428cd9" component="TYPO3.CMS.Core.Type.File.ImageInfo": I could not retrieve the image size for file /var/customers/webs/wi1cm/team10/typo3temp/var/transient/preview_1513123541020965875.png - {"file":"/var/customers/webs/wi1cm/team10/typo3temp/var/transient/preview_1513123541020965875.png"}
Thu, 13 Jun 2024 16:57:47 +0000 [WARNING] request="a52f55e7548b1" component="TYPO3.CMS.Core.Type.File.ImageInfo": I could not retrieve the image size for file /var/customers/webs/wi1cm/team10/typo3temp/var/transient/preview_3408885015795864383.jpg - {"file":"/var/customers/webs/wi1cm/team10/typo3temp/var/transient/preview_3408885015795864383.jpg"}
